Using pre-set license
Built from '2020.3/staging' branch; Version is '2020.3.9f1 (108be757e447) revision 1084391'; Using compiler version '192528614'; Build Type 'Release'
OS: 'Windows 10 Pro; OS build 19044.2604; Version 2009; 64bit' Language: 'ko' Physical Memory: 15789 MB
BatchMode: 1, IsHumanControllingUs: 0, StartBugReporterOnCrash: 0, Is64bit: 1, IsPro: 0

 COMMAND LINE ARGUMENTS:
C:\Program Files\Unity\Hub\Editor\2020.3.9f1\Editor\Unity.exe
-adb2
-batchMode
-noUpm
-name
AssetImportWorker0
-projectPath
C:/Users/justb/GitHub/Portfolio
-logFile
Logs/AssetImportWorker0.log
-srvPort
6176
Successfully changed project path to: C:/Users/justb/GitHub/Portfolio
C:/Users/justb/GitHub/Portfolio
Using Asset Import Pipeline V2.
Refreshing native plugins compatible for Editor in 25.26 ms, found 0 plugins.
Preloading 0 native plugins for Editor in 0.00 ms.
Initialize engine version: 2020.3.9f1 (108be757e447)
[Subsystems] Discovering subsystems at path C:/Program Files/Unity/Hub/Editor/2020.3.9f1/Editor/Data/Resources/UnitySubsystems
[Subsystems] Discovering subsystems at path C:/Users/justb/GitHub/Portfolio/Assets
GfxDevice: creating device client; threaded=0
Direct3D:
    Version:  Direct3D 11.0 [level 11.1]
    Renderer: NVIDIA GeForce RTX 2060 with Max-Q Design (ID=0x1f12)
    Vendor:   
    VRAM:     5968 MB
    Driver:   31.0.15.3118
Initialize mono
Mono path[0] = 'C:/Program Files/Unity/Hub/Editor/2020.3.9f1/Editor/Data/Managed'
Mono path[1] = 'C:/Program Files/Unity/Hub/Editor/2020.3.9f1/Editor/Data/MonoBleedingEdge/lib/mono/unityjit'
Mono config path = 'C:/Program Files/Unity/Hub/Editor/2020.3.9f1/Editor/Data/MonoBleedingEdge/etc'
Using monoOptions --debugger-agent=transport=dt_socket,embedding=1,server=y,suspend=n,address=127.0.0.1:56848
Begin MonoManager ReloadAssembly
Registering precompiled unity dll's ...
Trying to register platform support module: C:/Program Files/Unity/Hub/Editor/2020.3.9f1/Editor/Data/PlaybackEngines/MacStandaloneSupport/UnityEditor.OSXStandalone.Extensions.dll (that doesn't exist). Retrying without overrides.
Platform support module is not available: C:/Program Files/Unity/Hub/Editor/2020.3.9f1/Editor/Data/PlaybackEngines/MacStandaloneSupport/UnityEditor.OSXStandalone.Extensions.dll
Register platform support module: C:/Program Files/Unity/Hub/Editor/2020.3.9f1/Editor/Data/PlaybackEngines/WindowsStandaloneSupport/UnityEditor.WindowsStandalone.Extensions.dll
Registered in 0.003890 seconds.
Native extension for WindowsStandalone target not found
Refreshing native plugins compatible for Editor in 26.92 ms, found 0 plugins.
Preloading 0 native plugins for Editor in 0.00 ms.
Mono: successfully reloaded assembly
- Completed reload, in  1.536 seconds
Platform modules already initialized, skipping
Registering precompiled user dll's ...
Registered in 0.001325 seconds.
Begin MonoManager ReloadAssembly
Native extension for WindowsStandalone target not found
Refreshing native plugins compatible for Editor in 0.25 ms, found 0 plugins.
Preloading 0 native plugins for Editor in 0.00 ms.
Mono: successfully reloaded assembly
- Completed reload, in  0.803 seconds
Platform modules already initialized, skipping
========================================================================
Worker process is ready to serve import requests
Launched and connected shader compiler UnityShaderCompiler.exe after 0.06 seconds
Refreshing native plugins compatible for Editor in 0.24 ms, found 0 plugins.
Preloading 0 native plugins for Editor in 0.00 ms.
Unloading 1121 Unused Serialized files (Serialized files now loaded: 0)
System memory in use before: 63.0 MB.
System memory in use after: 62.0 MB.

Unloading 14 unused Assets to reduce memory usage. Loaded Objects now: 1560.
Total: 2.379000 ms (FindLiveObjects: 0.137200 ms CreateObjectMapping: 0.028700 ms MarkObjects: 1.580500 ms  DeleteObjects: 0.631700 ms)

========================================================================
Received Import Request.
  path: Assets/Art/Art
  artifactKey: Guid(012258d65983d6940b5c62e6ed343cca) Importer(815301076,1909f56bfc062723c751e8b465ee728b)
Start importing Assets/Art/Art using Guid(012258d65983d6940b5c62e6ed343cca) Importer(815301076,1909f56bfc062723c751e8b465ee728b)  -> (artifact id: 'ca41d7f9f74c63b14e803ad1ff3cfd5d') in 0.009379 seconds
  Import took 0.011693 seconds .

========================================================================
Received Import Request.
  Time since last request: 18.322550 seconds.
  path: Assets/Scenes
  artifactKey: Guid(79ac0599daeae5144b7ca69ea5d21576) Importer(815301076,1909f56bfc062723c751e8b465ee728b)
Start importing Assets/Scenes using Guid(79ac0599daeae5144b7ca69ea5d21576) Importer(815301076,1909f56bfc062723c751e8b465ee728b)  -> (artifact id: '40b1cc247ad5ff345731ab708650127a') in 0.008307 seconds
  Import took 0.010377 seconds .

========================================================================
Received Import Request.
  Time since last request: 2.738585 seconds.
  path: Assets/Thrid Party
  artifactKey: Guid(511e9f0e08295d04199269148e34650a) Importer(815301076,1909f56bfc062723c751e8b465ee728b)
Start importing Assets/Thrid Party using Guid(511e9f0e08295d04199269148e34650a) Importer(815301076,1909f56bfc062723c751e8b465ee728b)  -> (artifact id: '4b513f46c7be9f57ee646187ed1f31c5') in 0.007835 seconds
  Import took 0.009825 seconds .

========================================================================
Received Import Request.
  Time since last request: 1.685835 seconds.
  path: Assets/Thrid Party/Asset_Bought
  artifactKey: Guid(019ca0ad3e00323428cecce3776d4280) Importer(815301076,1909f56bfc062723c751e8b465ee728b)
Start importing Assets/Thrid Party/Asset_Bought using Guid(019ca0ad3e00323428cecce3776d4280) Importer(815301076,1909f56bfc062723c751e8b465ee728b)  -> (artifact id: '998c7fc40617477a7d5689e23f815f4c') in 0.008490 seconds
  Import took 0.010313 seconds .

========================================================================
Received Import Request.
  Time since last request: 3.995499 seconds.
  path: Assets/Prefabs/Map
  artifactKey: Guid(840500a6ca3e731418505ef8d8bcfc8e) Importer(815301076,1909f56bfc062723c751e8b465ee728b)
Start importing Assets/Prefabs/Map using Guid(840500a6ca3e731418505ef8d8bcfc8e) Importer(815301076,1909f56bfc062723c751e8b465ee728b)  -> (artifact id: '4aab28d68081a303e2f4bf68816bdb7a') in 0.008721 seconds
  Import took 0.010685 seconds .

========================================================================
Received Import Request.
  Time since last request: 0.098462 seconds.
  path: Assets/Prefabs/Map/Map_Store.prefab
  artifactKey: Guid(9d881079af28c8b4e8d998486940ef5d) Importer(815301076,1909f56bfc062723c751e8b465ee728b)
Start importing Assets/Prefabs/Map/Map_Store.prefab using Guid(9d881079af28c8b4e8d998486940ef5d) Importer(815301076,1909f56bfc062723c751e8b465ee728b)  -> (artifact id: '818de93925e4eac6769716927c1fc9ae') in 0.570277 seconds
  Import took 0.572638 seconds .

========================================================================
Received Import Request.
  Time since last request: 0.000403 seconds.
  path: Assets/Prefabs/Map/playground.prefab
  artifactKey: Guid(f8522679e7eb86a43bad69af3e9b33ea) Importer(815301076,1909f56bfc062723c751e8b465ee728b)
Start importing Assets/Prefabs/Map/playground.prefab using Guid(f8522679e7eb86a43bad69af3e9b33ea) Importer(815301076,1909f56bfc062723c751e8b465ee728b)  -> (artifact id: 'fe7f2f11a68cbd774b7f169751abe3bf') in 0.416226 seconds
  Import took 0.419405 seconds .

========================================================================
Received Import Request.
  Time since last request: 0.000464 seconds.
  path: Assets/Prefabs/Map/Subcenter_isolated.prefab
  artifactKey: Guid(2c5a04be71bc8344cbbbeeea0a198a57) Importer(815301076,1909f56bfc062723c751e8b465ee728b)
Start importing Assets/Prefabs/Map/Subcenter_isolated.prefab using Guid(2c5a04be71bc8344cbbbeeea0a198a57) Importer(815301076,1909f56bfc062723c751e8b465ee728b)  -> (artifact id: '4f472a67ee755a9596379772c7b24a03') in 0.468378 seconds
  Import took 0.476475 seconds .

========================================================================
Received Import Request.
  Time since last request: 3.330714 seconds.
  path: Assets/Art
  artifactKey: Guid(b352e21b654c05d40b604d2d6fd5155d) Importer(815301076,1909f56bfc062723c751e8b465ee728b)
Start importing Assets/Art using Guid(b352e21b654c05d40b604d2d6fd5155d) Importer(815301076,1909f56bfc062723c751e8b465ee728b)  -> (artifact id: '34ff199b55122b71b36f9bdaeb8f68a3') in 0.004497 seconds
  Import took 0.006849 seconds .

========================================================================
Received Import Request.
  Time since last request: 32.586325 seconds.
  path: Assets/Prefabs/Street
  artifactKey: Guid(b10c7624955f1534ba933883dcdd22e2) Importer(815301076,1909f56bfc062723c751e8b465ee728b)
Start importing Assets/Prefabs/Street using Guid(b10c7624955f1534ba933883dcdd22e2) Importer(815301076,1909f56bfc062723c751e8b465ee728b)  -> (artifact id: '5104db3414b570d29f3f62fb268c211a') in 0.009393 seconds
  Import took 0.011859 seconds .

========================================================================
Received Import Request.
  Time since last request: 0.095380 seconds.
  path: Assets/Prefabs/Street/group_trashbox.prefab
  artifactKey: Guid(8006616ff137f9049a2817d461acbfd0) Importer(815301076,1909f56bfc062723c751e8b465ee728b)
Start importing Assets/Prefabs/Street/group_trashbox.prefab using Guid(8006616ff137f9049a2817d461acbfd0) Importer(815301076,1909f56bfc062723c751e8b465ee728b)  -> (artifact id: '9097949084cef63dfee36fec5c9b1166') in 0.021876 seconds
  Import took 0.024477 seconds .

========================================================================
Received Import Request.
  Time since last request: 0.000369 seconds.
  path: Assets/Prefabs/Street/obj_electricitypole_1.prefab
  artifactKey: Guid(2a2bfe4670a6193408e8f3e168b02180) Importer(815301076,1909f56bfc062723c751e8b465ee728b)
Start importing Assets/Prefabs/Street/obj_electricitypole_1.prefab using Guid(2a2bfe4670a6193408e8f3e168b02180) Importer(815301076,1909f56bfc062723c751e8b465ee728b)  -> (artifact id: 'd99e5ed8cc4d69996a0126aa0e8402f2') in 0.019507 seconds
  Import took 0.022095 seconds .

========================================================================
Received Import Request.
  Time since last request: 0.000351 seconds.
  path: Assets/Prefabs/Street/obj_rode_1.prefab
  artifactKey: Guid(8f0439c496c0dbd4892211b0155dc11a) Importer(815301076,1909f56bfc062723c751e8b465ee728b)
Start importing Assets/Prefabs/Street/obj_rode_1.prefab using Guid(8f0439c496c0dbd4892211b0155dc11a) Importer(815301076,1909f56bfc062723c751e8b465ee728b)  -> (artifact id: 'c03b4a5d9ab52bba8f4cd3976ea952a3') in 0.019561 seconds
  Import took 0.022426 seconds .

========================================================================
Received Import Request.
  Time since last request: 0.000450 seconds.
  path: Assets/Prefabs/Street/obj_wall_r.prefab
  artifactKey: Guid(e6cdf427147a82741b70875fd54c2ee9) Importer(815301076,1909f56bfc062723c751e8b465ee728b)
Start importing Assets/Prefabs/Street/obj_wall_r.prefab using Guid(e6cdf427147a82741b70875fd54c2ee9) Importer(815301076,1909f56bfc062723c751e8b465ee728b)  -> (artifact id: '39f1fb6c9cc1db0e06618b4782ded1f6') in 0.022192 seconds
  Import took 0.025077 seconds .

========================================================================
Received Import Request.
  Time since last request: 0.000252 seconds.
  path: Assets/Prefabs/Street/obj_boundary_g.prefab
  artifactKey: Guid(1abbb22aa3773e94b81934da6d1e8659) Importer(815301076,1909f56bfc062723c751e8b465ee728b)
Start importing Assets/Prefabs/Street/obj_boundary_g.prefab using Guid(1abbb22aa3773e94b81934da6d1e8659) Importer(815301076,1909f56bfc062723c751e8b465ee728b)  -> (artifact id: 'a102de94f0ed1c32926b318c8a42f4bd') in 0.023006 seconds
  Import took 0.025257 seconds .

========================================================================
Received Import Request.
  Time since last request: 0.000368 seconds.
  path: Assets/Prefabs/Street/obj_boundary_r.prefab
  artifactKey: Guid(6ae34947a4aa8024cb647bd0664664ea) Importer(815301076,1909f56bfc062723c751e8b465ee728b)
Start importing Assets/Prefabs/Street/obj_boundary_r.prefab using Guid(6ae34947a4aa8024cb647bd0664664ea) Importer(815301076,1909f56bfc062723c751e8b465ee728b)  -> (artifact id: '31131e965684e61a0e882bd7f33a88ae') in 0.022267 seconds
  Import took 0.024609 seconds .

========================================================================
Received Import Request.
  Time since last request: 0.000237 seconds.
  path: Assets/Prefabs/Street/obj_wall_y.prefab
  artifactKey: Guid(c2480bba1fbdf7844a215093d324311d) Importer(815301076,1909f56bfc062723c751e8b465ee728b)
Start importing Assets/Prefabs/Street/obj_wall_y.prefab using Guid(c2480bba1fbdf7844a215093d324311d) Importer(815301076,1909f56bfc062723c751e8b465ee728b)  -> (artifact id: '8e5c19a194dec1b378932bc693cc306e') in 0.020601 seconds
  Import took 0.022588 seconds .

========================================================================
Received Import Request.
  Time since last request: 0.000380 seconds.
  path: Assets/Prefabs/Street/obj_constructionmaterial.prefab
  artifactKey: Guid(cce9378fb3503714586ccab86d2551ac) Importer(815301076,1909f56bfc062723c751e8b465ee728b)
Start importing Assets/Prefabs/Street/obj_constructionmaterial.prefab using Guid(cce9378fb3503714586ccab86d2551ac) Importer(815301076,1909f56bfc062723c751e8b465ee728b)  -> (artifact id: 'fa07e1f96424be2330bc5ff384218eaf') in 0.019818 seconds
  Import took 0.021911 seconds .

========================================================================
Received Import Request.
  Time since last request: 0.000334 seconds.
  path: Assets/Prefabs/Street/obj_manhole_open_road_final.prefab
  artifactKey: Guid(aef6905b0226a4047b25573658cc9161) Importer(815301076,1909f56bfc062723c751e8b465ee728b)
Start importing Assets/Prefabs/Street/obj_manhole_open_road_final.prefab using Guid(aef6905b0226a4047b25573658cc9161) Importer(815301076,1909f56bfc062723c751e8b465ee728b)  -> (artifact id: 'a6cd19c86d321daf314763cb523b8ca1') in 0.019226 seconds
  Import took 0.021100 seconds .

========================================================================
Received Import Request.
  Time since last request: 0.000360 seconds.
  path: Assets/Prefabs/Street/obj_wall_s2.prefab
  artifactKey: Guid(855e8e0a21c5db3449beb8c5f6eab1e0) Importer(815301076,1909f56bfc062723c751e8b465ee728b)
Start importing Assets/Prefabs/Street/obj_wall_s2.prefab using Guid(855e8e0a21c5db3449beb8c5f6eab1e0) Importer(815301076,1909f56bfc062723c751e8b465ee728b)  -> (artifact id: '815aa1707838a03c089301720f9f7e61') in 0.017756 seconds
  Import took 0.019597 seconds .

========================================================================
Received Import Request.
  Time since last request: 0.000393 seconds.
  path: Assets/Prefabs/Street/obj_ventilateur.prefab
  artifactKey: Guid(2dfca10a4363fcf40b2d7a3060808f2e) Importer(815301076,1909f56bfc062723c751e8b465ee728b)
Start importing Assets/Prefabs/Street/obj_ventilateur.prefab using Guid(2dfca10a4363fcf40b2d7a3060808f2e) Importer(815301076,1909f56bfc062723c751e8b465ee728b)  -> (artifact id: 'ec2b94a6cf72c1b50c2cd80b03852225') in 0.019305 seconds
  Import took 0.021363 seconds .

========================================================================
Received Import Request.
  Time since last request: 0.000435 seconds.
  path: Assets/Prefabs/Street/obj_window_g1.prefab
  artifactKey: Guid(a7a50753bd770e540b618198179afdd8) Importer(815301076,1909f56bfc062723c751e8b465ee728b)
Start importing Assets/Prefabs/Street/obj_window_g1.prefab using Guid(a7a50753bd770e540b618198179afdd8) Importer(815301076,1909f56bfc062723c751e8b465ee728b)  -> (artifact id: '5f7022221ad2c364d5010aa1aee2c234') in 0.021637 seconds
  Import took 0.024517 seconds .

========================================================================
Received Import Request.
  Time since last request: 0.000436 seconds.
  path: Assets/Prefabs/Street/obj_box.prefab
  artifactKey: Guid(5781fe00efd236646aa61e4c1b5c780c) Importer(815301076,1909f56bfc062723c751e8b465ee728b)
Start importing Assets/Prefabs/Street/obj_box.prefab using Guid(5781fe00efd236646aa61e4c1b5c780c) Importer(815301076,1909f56bfc062723c751e8b465ee728b)  -> (artifact id: '6c7eafea53744cbb1c4aebf40e34f1a5') in 0.021374 seconds
  Import took 0.023435 seconds .

========================================================================
Received Import Request.
  Time since last request: 0.000283 seconds.
  path: Assets/Prefabs/Street/obj_electricitypole_2.prefab
  artifactKey: Guid(91c924b31e93eac4283377aa534217e7) Importer(815301076,1909f56bfc062723c751e8b465ee728b)
Start importing Assets/Prefabs/Street/obj_electricitypole_2.prefab using Guid(91c924b31e93eac4283377aa534217e7) Importer(815301076,1909f56bfc062723c751e8b465ee728b)  -> (artifact id: '16d1b36f00c835a764ab751ffacb8c28') in 0.020305 seconds
  Import took 0.022594 seconds .

========================================================================
Received Import Request.
  Time since last request: 0.000279 seconds.
  path: Assets/Prefabs/Street/obj_window_r1.prefab
  artifactKey: Guid(da794672e28a57249a888d32ef0a47ae) Importer(815301076,1909f56bfc062723c751e8b465ee728b)
Start importing Assets/Prefabs/Street/obj_window_r1.prefab using Guid(da794672e28a57249a888d32ef0a47ae) Importer(815301076,1909f56bfc062723c751e8b465ee728b)  -> (artifact id: 'ca3110f7c6e139cb067a30774f988e66') in 0.021968 seconds
  Import took 0.024195 seconds .

========================================================================
Received Import Request.
  Time since last request: 0.000311 seconds.
  path: Assets/Prefabs/Street/obj_window_r2.prefab
  artifactKey: Guid(e167c866a4f64b94080355f3103611e8) Importer(815301076,1909f56bfc062723c751e8b465ee728b)
Start importing Assets/Prefabs/Street/obj_window_r2.prefab using Guid(e167c866a4f64b94080355f3103611e8) Importer(815301076,1909f56bfc062723c751e8b465ee728b)  -> (artifact id: 'adf7682d0a8b31f99c4dc2faf607f9df') in 0.021613 seconds
  Import took 0.024288 seconds .

========================================================================
Received Import Request.
  Time since last request: 0.000300 seconds.
  path: Assets/Prefabs/Street/obj_window_y1.prefab
  artifactKey: Guid(bae298c1e10cfd84aae514c1fa021214) Importer(815301076,1909f56bfc062723c751e8b465ee728b)
Start importing Assets/Prefabs/Street/obj_window_y1.prefab using Guid(bae298c1e10cfd84aae514c1fa021214) Importer(815301076,1909f56bfc062723c751e8b465ee728b)  -> (artifact id: 'b50a25879b322d2830d5b93a3996672c') in 0.021071 seconds
  Import took 0.023094 seconds .

========================================================================
Received Import Request.
  Time since last request: 0.000282 seconds.
  path: Assets/Prefabs/Street/obj_window_g2.prefab
  artifactKey: Guid(812bab7be74e2cd42a06d21cee372fdd) Importer(815301076,1909f56bfc062723c751e8b465ee728b)
Start importing Assets/Prefabs/Street/obj_window_g2.prefab using Guid(812bab7be74e2cd42a06d21cee372fdd) Importer(815301076,1909f56bfc062723c751e8b465ee728b)  -> (artifact id: 'b2e0822a97822215558f4e16c4504998') in 0.021925 seconds
  Import took 0.023820 seconds .

========================================================================
Received Import Request.
  Time since last request: 0.000223 seconds.
  path: Assets/Prefabs/Street/obj_drain.prefab
  artifactKey: Guid(3f38864fffb40f14a9578099469cd5a7) Importer(815301076,1909f56bfc062723c751e8b465ee728b)
Start importing Assets/Prefabs/Street/obj_drain.prefab using Guid(3f38864fffb40f14a9578099469cd5a7) Importer(815301076,1909f56bfc062723c751e8b465ee728b)  -> (artifact id: 'fba039ea9471b3da18a125780006f44e') in 0.020889 seconds
  Import took 0.023234 seconds .

========================================================================
Received Import Request.
  Time since last request: 0.000259 seconds.
  path: Assets/Prefabs/Street/obj_rode_3.prefab
  artifactKey: Guid(0d3ee2b8d2838594e84359e0ce580f24) Importer(815301076,1909f56bfc062723c751e8b465ee728b)
Start importing Assets/Prefabs/Street/obj_rode_3.prefab using Guid(0d3ee2b8d2838594e84359e0ce580f24) Importer(815301076,1909f56bfc062723c751e8b465ee728b)  -> (artifact id: 'ad33e9d59223b1e2f8177c7231c8829f') in 0.024630 seconds
  Import took 0.026726 seconds .

========================================================================
Received Import Request.
  Time since last request: 0.000273 seconds.
  path: Assets/Prefabs/Street/obj_gasbarrel.prefab
  artifactKey: Guid(3f6a7d9d30d4f674abe4ec66507dc370) Importer(815301076,1909f56bfc062723c751e8b465ee728b)
Start importing Assets/Prefabs/Street/obj_gasbarrel.prefab using Guid(3f6a7d9d30d4f674abe4ec66507dc370) Importer(815301076,1909f56bfc062723c751e8b465ee728b)  -> (artifact id: '6b9e714f0de79934b3955286f2a84e81') in 0.021227 seconds
  Import took 0.023249 seconds .

========================================================================
Received Import Request.
  Time since last request: 0.000266 seconds.
  path: Assets/Prefabs/Street/obj_door_s.prefab
  artifactKey: Guid(24cdd92920e46a94e8c093c6aadd6025) Importer(815301076,1909f56bfc062723c751e8b465ee728b)
Start importing Assets/Prefabs/Street/obj_door_s.prefab using Guid(24cdd92920e46a94e8c093c6aadd6025) Importer(815301076,1909f56bfc062723c751e8b465ee728b)  -> (artifact id: '12f5605f6ec56a5dd68a3d8ea1573049') in 0.020132 seconds
  Import took 0.022377 seconds .

========================================================================
Received Import Request.
  Time since last request: 0.000346 seconds.
  path: Assets/Prefabs/Street/obj_window_y2.prefab
  artifactKey: Guid(9f5ef6cb68f97b441a66eafa9c63c283) Importer(815301076,1909f56bfc062723c751e8b465ee728b)
Start importing Assets/Prefabs/Street/obj_window_y2.prefab using Guid(9f5ef6cb68f97b441a66eafa9c63c283) Importer(815301076,1909f56bfc062723c751e8b465ee728b)  -> (artifact id: '737917749cadd0e1c994f7fc4f6df41b') in 0.021102 seconds
  Import took 0.023094 seconds .

========================================================================
Received Import Request.
  Time since last request: 0.000355 seconds.
  path: Assets/Prefabs/Street/obj_window_s.prefab
  artifactKey: Guid(bde7da0b66436e1449db2c03f188200e) Importer(815301076,1909f56bfc062723c751e8b465ee728b)
Start importing Assets/Prefabs/Street/obj_window_s.prefab using Guid(bde7da0b66436e1449db2c03f188200e) Importer(815301076,1909f56bfc062723c751e8b465ee728b)  -> (artifact id: '1724a4ba85cfc0e95a22b174074d12f8') in 0.019676 seconds
  Import took 0.021588 seconds .

========================================================================
Received Import Request.
  Time since last request: 0.000323 seconds.
  path: Assets/Prefabs/Street/obj_wall_g.prefab
  artifactKey: Guid(3319b5842398d8249aa68a60f7f5cd23) Importer(815301076,1909f56bfc062723c751e8b465ee728b)
Start importing Assets/Prefabs/Street/obj_wall_g.prefab using Guid(3319b5842398d8249aa68a60f7f5cd23) Importer(815301076,1909f56bfc062723c751e8b465ee728b)  -> (artifact id: 'f3fcd05855ae0005a832d6988bd50c59') in 0.020978 seconds
  Import took 0.023352 seconds .

========================================================================
Received Import Request.
  Time since last request: 0.000370 seconds.
  path: Assets/Prefabs/Street/obj_door_g.prefab
  artifactKey: Guid(e837ff54dcec0f84b9c3f2a821f7ddc6) Importer(815301076,1909f56bfc062723c751e8b465ee728b)
Start importing Assets/Prefabs/Street/obj_door_g.prefab using Guid(e837ff54dcec0f84b9c3f2a821f7ddc6) Importer(815301076,1909f56bfc062723c751e8b465ee728b)  -> (artifact id: 'b76426502e863acf696258c655759e7c') in 0.020380 seconds
  Import took 0.022523 seconds .

========================================================================
Received Import Request.
  Time since last request: 0.000237 seconds.
  path: Assets/Prefabs/Street/obj_wall_street.prefab
  artifactKey: Guid(77f5e6a0e503e614ca4067c5a0e9b780) Importer(815301076,1909f56bfc062723c751e8b465ee728b)
Start importing Assets/Prefabs/Street/obj_wall_street.prefab using Guid(77f5e6a0e503e614ca4067c5a0e9b780) Importer(815301076,1909f56bfc062723c751e8b465ee728b)  -> (artifact id: '8dd87d9448f602e678d7f6c972610254') in 0.020787 seconds
  Import took 0.023016 seconds .

========================================================================
Received Import Request.
  Time since last request: 0.001061 seconds.
  path: Assets/Prefabs/Street/obj_boundary_y.prefab
  artifactKey: Guid(6dbd17ef8d6004b4d931e1ac284734fa) Importer(815301076,1909f56bfc062723c751e8b465ee728b)
Start importing Assets/Prefabs/Street/obj_boundary_y.prefab using Guid(6dbd17ef8d6004b4d931e1ac284734fa) Importer(815301076,1909f56bfc062723c751e8b465ee728b)  -> (artifact id: 'c4de01db5743b34d34fe3a6fa34dc1c2') in 0.019283 seconds
  Import took 0.022023 seconds .

========================================================================
Received Import Request.
  Time since last request: 0.000442 seconds.
  path: Assets/Prefabs/Street/obj_wall_stainfence.prefab
  artifactKey: Guid(57e9da511fe5c674087553568e4928fb) Importer(815301076,1909f56bfc062723c751e8b465ee728b)
Start importing Assets/Prefabs/Street/obj_wall_stainfence.prefab using Guid(57e9da511fe5c674087553568e4928fb) Importer(815301076,1909f56bfc062723c751e8b465ee728b)  -> (artifact id: 'b2d98c71d0ebdbecd6f7d1bb5a6c0cb4') in 0.021845 seconds
  Import took 0.023752 seconds .

========================================================================
Received Import Request.
  Time since last request: 0.000280 seconds.
  path: Assets/Prefabs/Street/obj_door_r.prefab
  artifactKey: Guid(448ddd4be2e1ef647b0db05ac2ee19e0) Importer(815301076,1909f56bfc062723c751e8b465ee728b)
Start importing Assets/Prefabs/Street/obj_door_r.prefab using Guid(448ddd4be2e1ef647b0db05ac2ee19e0) Importer(815301076,1909f56bfc062723c751e8b465ee728b)  -> (artifact id: '2ffe6d44913e34be1dfea706bace488d') in 0.021482 seconds
  Import took 0.023390 seconds .

========================================================================
Received Import Request.
  Time since last request: 0.000363 seconds.
  path: Assets/Prefabs/Street/obj_wall_s1.prefab
  artifactKey: Guid(40f13f717ad8a9e4082b79bf528bab69) Importer(815301076,1909f56bfc062723c751e8b465ee728b)
Start importing Assets/Prefabs/Street/obj_wall_s1.prefab using Guid(40f13f717ad8a9e4082b79bf528bab69) Importer(815301076,1909f56bfc062723c751e8b465ee728b)  -> (artifact id: 'cf9fb46826984ae23937db4e2d7421d3') in 0.020912 seconds
  Import took 0.023421 seconds .

========================================================================
Received Import Request.
  Time since last request: 0.000282 seconds.
  path: Assets/Prefabs/Street/obj_boundary_s.prefab
  artifactKey: Guid(d5eecc5e5b1cde0459bb3f747eabd04d) Importer(815301076,1909f56bfc062723c751e8b465ee728b)
Start importing Assets/Prefabs/Street/obj_boundary_s.prefab using Guid(d5eecc5e5b1cde0459bb3f747eabd04d) Importer(815301076,1909f56bfc062723c751e8b465ee728b)  -> (artifact id: 'b73441d2c614a9869343c53cf60968f4') in 0.021273 seconds
  Import took 0.023508 seconds .

========================================================================
Received Import Request.
  Time since last request: 0.000328 seconds.
  path: Assets/Prefabs/Street/obj_oilcask.prefab
  artifactKey: Guid(217cfd9bc8503104681357a43c7b73dc) Importer(815301076,1909f56bfc062723c751e8b465ee728b)
Start importing Assets/Prefabs/Street/obj_oilcask.prefab using Guid(217cfd9bc8503104681357a43c7b73dc) Importer(815301076,1909f56bfc062723c751e8b465ee728b)  -> (artifact id: '499fff5ec4c45ae10a9bac6d56d39ac9') in 0.021307 seconds
  Import took 0.023907 seconds .

========================================================================
Received Import Request.
  Time since last request: 0.001092 seconds.
  path: Assets/Prefabs/Street/obj_boundary_s.prefab
  artifactKey: Guid(d5eecc5e5b1cde0459bb3f747eabd04d) Importer(815301076,1909f56bfc062723c751e8b465ee728b)
Start importing Assets/Prefabs/Street/obj_boundary_s.prefab using Guid(d5eecc5e5b1cde0459bb3f747eabd04d) Importer(815301076,1909f56bfc062723c751e8b465ee728b)  -> (artifact id: 'b73441d2c614a9869343c53cf60968f4') in 0.016414 seconds
  Import took 0.018689 seconds .

========================================================================
Received Import Request.
  Time since last request: 0.000334 seconds.
  path: Assets/Prefabs/Street/obj_oilcask.prefab
  artifactKey: Guid(217cfd9bc8503104681357a43c7b73dc) Importer(815301076,1909f56bfc062723c751e8b465ee728b)
Start importing Assets/Prefabs/Street/obj_oilcask.prefab using Guid(217cfd9bc8503104681357a43c7b73dc) Importer(815301076,1909f56bfc062723c751e8b465ee728b)  -> (artifact id: '499fff5ec4c45ae10a9bac6d56d39ac9') in 0.017650 seconds
  Import took 0.019682 seconds .

========================================================================
Received Import Request.
  Time since last request: 21.274970 seconds.
  path: Assets/Art/Materials/Toon/GrayMaterial.mat
  artifactKey: Guid(8e009e1478d2de94884ddaa98febd52c) Importer(815301076,1909f56bfc062723c751e8b465ee728b)
Start importing Assets/Art/Materials/Toon/GrayMaterial.mat using Guid(8e009e1478d2de94884ddaa98febd52c) Importer(815301076,1909f56bfc062723c751e8b465ee728b)  -> (artifact id: '5a3f2f4a169b4a50f913400c4505dd54') in 0.042515 seconds
  Import took 0.045000 seconds .

========================================================================
Received Import Request.
  Time since last request: 0.000296 seconds.
  path: Assets/Art/Materials/Toon/mat_lambert_building.mat
  artifactKey: Guid(ff96370ec306ca94fbb7fcb691e25d06) Importer(815301076,1909f56bfc062723c751e8b465ee728b)
Start importing Assets/Art/Materials/Toon/mat_lambert_building.mat using Guid(ff96370ec306ca94fbb7fcb691e25d06) Importer(815301076,1909f56bfc062723c751e8b465ee728b)  -> (artifact id: '772696be6fcc9b1e1a02de5fa3d9d154') in 0.019714 seconds
  Import took 0.021941 seconds .

========================================================================
Received Import Request.
  Time since last request: 0.000290 seconds.
  path: Assets/Art/Materials/Toon/mat_sand2.mat
  artifactKey: Guid(d0298445e84f9454588df29d1797b4a1) Importer(815301076,1909f56bfc062723c751e8b465ee728b)
Start importing Assets/Art/Materials/Toon/mat_sand2.mat using Guid(d0298445e84f9454588df29d1797b4a1) Importer(815301076,1909f56bfc062723c751e8b465ee728b)  -> (artifact id: '1e5865cf8ee9270df1d91ba953841eb3') in 0.020695 seconds
  Import took 0.023123 seconds .

========================================================================
Received Import Request.
  Time since last request: 0.000274 seconds.
  path: Assets/Art/Materials/Toon/mat_street_blinn.mat
  artifactKey: Guid(7d5b0d57ae3ff594fb9952f655256964) Importer(815301076,1909f56bfc062723c751e8b465ee728b)
Start importing Assets/Art/Materials/Toon/mat_street_blinn.mat using Guid(7d5b0d57ae3ff594fb9952f655256964) Importer(815301076,1909f56bfc062723c751e8b465ee728b)  -> (artifact id: '7ae712a3cd79ee87b1947d4cfaf78187') in 0.020674 seconds
  Import took 0.023629 seconds .

========================================================================
Received Import Request.
  Time since last request: 0.000346 seconds.
  path: Assets/Art/Materials/Toon/mat_playground_bg.mat
  artifactKey: Guid(03a2ed6272897eb439eba7cee8cb3d7f) Importer(815301076,1909f56bfc062723c751e8b465ee728b)
Start importing Assets/Art/Materials/Toon/mat_playground_bg.mat using Guid(03a2ed6272897eb439eba7cee8cb3d7f) Importer(815301076,1909f56bfc062723c751e8b465ee728b)  -> (artifact id: '56c2d4bcb5b59c34ec0eb8ffd82ad165') in 0.022627 seconds
  Import took 0.024873 seconds .

========================================================================
Received Import Request.
  Time since last request: 0.000354 seconds.
  path: Assets/Art/Materials/Toon/mat_lambert_CVS.mat
  artifactKey: Guid(b31221876f321624fb33457c9b491b9f) Importer(815301076,1909f56bfc062723c751e8b465ee728b)
Start importing Assets/Art/Materials/Toon/mat_lambert_CVS.mat using Guid(b31221876f321624fb33457c9b491b9f) Importer(815301076,1909f56bfc062723c751e8b465ee728b)  -> (artifact id: '082356c74d5aa814bcc5fd46ee65b399') in 0.023413 seconds
  Import took 0.025889 seconds .

========================================================================
Received Import Request.
  Time since last request: 0.000298 seconds.
  path: Assets/Art/Materials/Toon/mat_lambert_CVS_object.mat
  artifactKey: Guid(3e3cb5110d7f65b4090c74d9017266ec) Importer(815301076,1909f56bfc062723c751e8b465ee728b)
Start importing Assets/Art/Materials/Toon/mat_lambert_CVS_object.mat using Guid(3e3cb5110d7f65b4090c74d9017266ec) Importer(815301076,1909f56bfc062723c751e8b465ee728b)  -> (artifact id: '7ecc7fb2a11551f1b8f4b0dae2b401a0') in 0.029219 seconds
  Import took 0.031246 seconds .

========================================================================
Received Import Request.
  Time since last request: 0.000338 seconds.
  path: Assets/Art/Materials/Toon/mat_bg_building.mat
  artifactKey: Guid(7b7f4925d8b56ad4abd67580e8c51239) Importer(815301076,1909f56bfc062723c751e8b465ee728b)
Start importing Assets/Art/Materials/Toon/mat_bg_building.mat using Guid(7b7f4925d8b56ad4abd67580e8c51239) Importer(815301076,1909f56bfc062723c751e8b465ee728b)  -> (artifact id: '4de26d8af49f5e43759298488fa277cb') in 0.019736 seconds
  Import took 0.022564 seconds .

========================================================================
Received Import Request.
  Time since last request: 0.000618 seconds.
  path: Assets/Art/Materials/Toon/mat_park_lambert.mat
  artifactKey: Guid(16ab7dda0d9255645ad545c07248bb75) Importer(815301076,1909f56bfc062723c751e8b465ee728b)
Start importing Assets/Art/Materials/Toon/mat_park_lambert.mat using Guid(16ab7dda0d9255645ad545c07248bb75) Importer(815301076,1909f56bfc062723c751e8b465ee728b)  -> (artifact id: '4a890c87abebcdfafb01900b2c3c6d50') in 0.022007 seconds
  Import took 0.024032 seconds .

========================================================================
Received Import Request.
  Time since last request: 0.000308 seconds.
  path: Assets/Art/Materials/Toon/mat_car_window.mat
  artifactKey: Guid(2e4f1bd5e6b0bcf4e9402414a84aa6d2) Importer(815301076,1909f56bfc062723c751e8b465ee728b)
Start importing Assets/Art/Materials/Toon/mat_car_window.mat using Guid(2e4f1bd5e6b0bcf4e9402414a84aa6d2) Importer(815301076,1909f56bfc062723c751e8b465ee728b)  -> (artifact id: '3901123b5c51ea869a5039fe0461910d') in 0.025254 seconds
  Import took 0.027354 seconds .

========================================================================
Received Import Request.
  Time since last request: 0.000286 seconds.
  path: Assets/Art/Materials/Toon/mat_playground.mat
  artifactKey: Guid(3bc32f21bcc57dc4ca215992a516bafd) Importer(815301076,1909f56bfc062723c751e8b465ee728b)
Start importing Assets/Art/Materials/Toon/mat_playground.mat using Guid(3bc32f21bcc57dc4ca215992a516bafd) Importer(815301076,1909f56bfc062723c751e8b465ee728b)  -> (artifact id: '7f3222e68979119fafa87aee35a7411b') in 0.019958 seconds
  Import took 0.022069 seconds .

========================================================================
Received Import Request.
  Time since last request: 0.000286 seconds.
  path: Assets/Art/Materials/Toon/mat_lambert_city_1.mat
  artifactKey: Guid(1b3f54be726f7244f8ead3fee73af31d) Importer(815301076,1909f56bfc062723c751e8b465ee728b)
Start importing Assets/Art/Materials/Toon/mat_lambert_city_1.mat using Guid(1b3f54be726f7244f8ead3fee73af31d) Importer(815301076,1909f56bfc062723c751e8b465ee728b)  -> (artifact id: '4dd805139c5be2d893a1723e545c312c') in 0.020593 seconds
  Import took 0.022630 seconds .

========================================================================
Received Import Request.
  Time since last request: 0.000351 seconds.
  path: Assets/Art/Materials/Toon/mat_car_lambert.mat
  artifactKey: Guid(c503b8a9bbda7b64c9695a539539926c) Importer(815301076,1909f56bfc062723c751e8b465ee728b)
Start importing Assets/Art/Materials/Toon/mat_car_lambert.mat using Guid(c503b8a9bbda7b64c9695a539539926c) Importer(815301076,1909f56bfc062723c751e8b465ee728b)  -> (artifact id: 'a450e9c2901914313d7467288c5fd972') in 0.021049 seconds
  Import took 0.023144 seconds .

========================================================================
Received Import Request.
  Time since last request: 0.000295 seconds.
  path: Assets/Art/Materials/Toon/PolygonNature_Tree_TrunkDead.mat
  artifactKey: Guid(b291e3a6f626bc24d918f721ab101467) Importer(815301076,1909f56bfc062723c751e8b465ee728b)
Start importing Assets/Art/Materials/Toon/PolygonNature_Tree_TrunkDead.mat using Guid(b291e3a6f626bc24d918f721ab101467) Importer(815301076,1909f56bfc062723c751e8b465ee728b)  -> (artifact id: 'ca630d398e283fc3d62a031c581a59da') in 0.017621 seconds
  Import took 0.019614 seconds .

========================================================================
Received Import Request.
  Time since last request: 0.000264 seconds.
  path: Assets/Art/Materials/Toon/PolygonNature_Tree_Trunk.mat
  artifactKey: Guid(9815abc3682332c43bb766decd901afb) Importer(815301076,1909f56bfc062723c751e8b465ee728b)
Start importing Assets/Art/Materials/Toon/PolygonNature_Tree_Trunk.mat using Guid(9815abc3682332c43bb766decd901afb) Importer(815301076,1909f56bfc062723c751e8b465ee728b)  -> (artifact id: 'e86d99889e344122e026e84473df7d71') in 0.018217 seconds
  Import took 0.020327 seconds .

========================================================================
Received Import Request.
  Time since last request: 0.000310 seconds.
  path: Assets/Art/Materials/Toon/mat_blinn_building.mat
  artifactKey: Guid(01051e883775c4c4cad9fd6cf1f100d9) Importer(815301076,1909f56bfc062723c751e8b465ee728b)
Start importing Assets/Art/Materials/Toon/mat_blinn_building.mat using Guid(01051e883775c4c4cad9fd6cf1f100d9) Importer(815301076,1909f56bfc062723c751e8b465ee728b)  -> (artifact id: '41c418cf0a1ecd540f89facdec29ec50') in 0.017933 seconds
  Import took 0.020268 seconds .

========================================================================
Received Import Request.
  Time since last request: 0.000471 seconds.
  path: Assets/Art/Materials/Toon/mat_sand.mat
  artifactKey: Guid(1a8ce02d7cf40f9489cee57b7391659b) Importer(815301076,1909f56bfc062723c751e8b465ee728b)
Start importing Assets/Art/Materials/Toon/mat_sand.mat using Guid(1a8ce02d7cf40f9489cee57b7391659b) Importer(815301076,1909f56bfc062723c751e8b465ee728b)  -> (artifact id: '610138567458f7a07ad5c6c0da6140b1') in 0.029641 seconds
  Import took 0.031652 seconds .

========================================================================
Received Import Request.
  Time since last request: 0.000371 seconds.
  path: Assets/Art/Materials/Toon/mat_street_bg.mat
  artifactKey: Guid(68c3942a31066bb448c9dc762722d877) Importer(815301076,1909f56bfc062723c751e8b465ee728b)
Start importing Assets/Art/Materials/Toon/mat_street_bg.mat using Guid(68c3942a31066bb448c9dc762722d877) Importer(815301076,1909f56bfc062723c751e8b465ee728b)  -> (artifact id: '0e656969b2b26d0a90ba287ccc6bae9a') in 0.020975 seconds
  Import took 0.023205 seconds .

========================================================================
Received Import Request.
  Time since last request: 0.000296 seconds.
  path: Assets/Art/Materials/Toon/mat_lambert_plaza.mat
  artifactKey: Guid(86d275264fc79b441b410c1d8895227f) Importer(815301076,1909f56bfc062723c751e8b465ee728b)
Start importing Assets/Art/Materials/Toon/mat_lambert_plaza.mat using Guid(86d275264fc79b441b410c1d8895227f) Importer(815301076,1909f56bfc062723c751e8b465ee728b)  -> (artifact id: '4f901eb9ce3e46452d80b9b3ce3fbea8') in 0.021055 seconds
  Import took 0.023068 seconds .

========================================================================
Received Import Request.
  Time since last request: 0.000407 seconds.
  path: Assets/Art/Materials/Toon/mat_officetel_room_lambert.mat
  artifactKey: Guid(c8a7c0f2b73bdc245a533cc3182d417c) Importer(815301076,1909f56bfc062723c751e8b465ee728b)
Start importing Assets/Art/Materials/Toon/mat_officetel_room_lambert.mat using Guid(c8a7c0f2b73bdc245a533cc3182d417c) Importer(815301076,1909f56bfc062723c751e8b465ee728b)  -> (artifact id: '1e78715c733bb5696e698a5bc6ffdd47') in 0.022462 seconds
  Import took 0.025021 seconds .

========================================================================
Received Import Request.
  Time since last request: 0.000280 seconds.
  path: Assets/Art/Materials/Toon/mat_web.mat
  artifactKey: Guid(bf9bc284d5147294c8afa07660fde3d7) Importer(815301076,1909f56bfc062723c751e8b465ee728b)
Start importing Assets/Art/Materials/Toon/mat_web.mat using Guid(bf9bc284d5147294c8afa07660fde3d7) Importer(815301076,1909f56bfc062723c751e8b465ee728b)  -> (artifact id: '4171c9e59eef9278e35d2d1189dce572') in 0.021369 seconds
  Import took 0.023426 seconds .

========================================================================
Received Import Request.
  Time since last request: 0.000326 seconds.
  path: Assets/Art/Materials/Toon/mat_street_lambert.mat
  artifactKey: Guid(929637dcf5552a141a4faf16f5775dea) Importer(815301076,1909f56bfc062723c751e8b465ee728b)
Start importing Assets/Art/Materials/Toon/mat_street_lambert.mat using Guid(929637dcf5552a141a4faf16f5775dea) Importer(815301076,1909f56bfc062723c751e8b465ee728b)  -> (artifact id: 'f5a214e6a1ad6e98f9ded2b1fa64dbdf') in 0.023607 seconds
  Import took 0.025618 seconds .

========================================================================
Received Import Request.
  Time since last request: 0.000372 seconds.
  path: Assets/Art/Materials/Toon/mat_bg_building2.mat
  artifactKey: Guid(2836d5fee05d0274689283e9086c554a) Importer(815301076,1909f56bfc062723c751e8b465ee728b)
Start importing Assets/Art/Materials/Toon/mat_bg_building2.mat using Guid(2836d5fee05d0274689283e9086c554a) Importer(815301076,1909f56bfc062723c751e8b465ee728b)  -> (artifact id: 'e9e74cc9f4532a9b5dbd949eef987e48') in 0.022255 seconds
  Import took 0.024566 seconds .

========================================================================
Received Import Request.
  Time since last request: 50.162089 seconds.
  path: Assets/Thrid Party/Asset_Bought/PolygonNature
  artifactKey: Guid(c610d96433b4e1b4eb67efc80552b25b) Importer(815301076,1909f56bfc062723c751e8b465ee728b)
Start importing Assets/Thrid Party/Asset_Bought/PolygonNature using Guid(c610d96433b4e1b4eb67efc80552b25b) Importer(815301076,1909f56bfc062723c751e8b465ee728b)  -> (artifact id: 'c0dc5c67c256c4a19e5e67ac50580b4f') in 0.009038 seconds
  Import took 0.011400 seconds .

========================================================================
Received Import Request.
  Time since last request: 0.001038 seconds.
  path: Assets/Thrid Party/Asset_Bought/PolygonNature
  artifactKey: Guid(c610d96433b4e1b4eb67efc80552b25b) Importer(815301076,1909f56bfc062723c751e8b465ee728b)
Start importing Assets/Thrid Party/Asset_Bought/PolygonNature using Guid(c610d96433b4e1b4eb67efc80552b25b) Importer(815301076,1909f56bfc062723c751e8b465ee728b)  -> (artifact id: 'c0dc5c67c256c4a19e5e67ac50580b4f') in 0.005755 seconds
  Import took 0.007655 seconds .

========================================================================
Received Import Request.
  Time since last request: 1.803204 seconds.
  path: Assets/Thrid Party/Asset_Bought/PolygonNature/Shaders
  artifactKey: Guid(b59a7f9399c26b449be91a3e049108f1) Importer(815301076,1909f56bfc062723c751e8b465ee728b)
Start importing Assets/Thrid Party/Asset_Bought/PolygonNature/Shaders using Guid(b59a7f9399c26b449be91a3e049108f1) Importer(815301076,1909f56bfc062723c751e8b465ee728b)  -> (artifact id: '6f53c0596952f16e3fd59de61d498791') in 0.011026 seconds
  Import took 0.014335 seconds .

========================================================================
Received Import Request.
  Time since last request: 0.000667 seconds.
  path: Assets/Thrid Party/Asset_Bought/PolygonNature/Shaders
  artifactKey: Guid(b59a7f9399c26b449be91a3e049108f1) Importer(815301076,1909f56bfc062723c751e8b465ee728b)
Start importing Assets/Thrid Party/Asset_Bought/PolygonNature/Shaders using Guid(b59a7f9399c26b449be91a3e049108f1) Importer(815301076,1909f56bfc062723c751e8b465ee728b)  -> (artifact id: '6f53c0596952f16e3fd59de61d498791') in 0.005827 seconds
  Import took 0.008264 seconds .

========================================================================
Received Import Request.
  Time since last request: 1.084215 seconds.
  path: Assets/Thrid Party/Asset_Bought/PolygonNature/Shaders/SyntyStudios_LOD.shader
  artifactKey: Guid(3357a1db18fee1f4f8fab7bf6f39c214) Importer(815301076,1909f56bfc062723c751e8b465ee728b)
Start importing Assets/Thrid Party/Asset_Bought/PolygonNature/Shaders/SyntyStudios_LOD.shader using Guid(3357a1db18fee1f4f8fab7bf6f39c214) Importer(815301076,1909f56bfc062723c751e8b465ee728b)  -> (artifact id: '7ee3b66ba4177d9f3f4dcade29d3f3a6') in 0.015551 seconds
  Import took 0.018245 seconds .

========================================================================
Received Import Request.
  Time since last request: 0.001407 seconds.
  path: Assets/Thrid Party/Asset_Bought/PolygonNature/Shaders/SyntyStudios_LOD.shader
  artifactKey: Guid(3357a1db18fee1f4f8fab7bf6f39c214) Importer(815301076,1909f56bfc062723c751e8b465ee728b)
Start importing Assets/Thrid Party/Asset_Bought/PolygonNature/Shaders/SyntyStudios_LOD.shader using Guid(3357a1db18fee1f4f8fab7bf6f39c214) Importer(815301076,1909f56bfc062723c751e8b465ee728b)  -> (artifact id: '7ee3b66ba4177d9f3f4dcade29d3f3a6') in 0.007446 seconds
  Import took 0.009932 seconds .

========================================================================
Received Import Request.
  Time since last request: 10.690032 seconds.
  path: Assets/Thrid Party/Asset_Bought/PolygonNature/Shaders/SyntyStudios_Trees.shader
  artifactKey: Guid(4b0390819f518774fa1a44198298459a) Importer(815301076,1909f56bfc062723c751e8b465ee728b)
Start importing Assets/Thrid Party/Asset_Bought/PolygonNature/Shaders/SyntyStudios_Trees.shader using Guid(4b0390819f518774fa1a44198298459a) Importer(815301076,1909f56bfc062723c751e8b465ee728b)  -> (artifact id: '17a921e26fd152c056ab16d9f13ce8af') in 0.011031 seconds
  Import took 0.013785 seconds .

========================================================================
Received Import Request.
  Time since last request: 133.438068 seconds.
  path: Assets/Thrid Party/Asset_Bought/PolygonNature/Materials/Leaves/PolygonNature_Leaves_Base.mat
  artifactKey: Guid(d3a600439af714f4280d93e74cc75853) Importer(815301076,1909f56bfc062723c751e8b465ee728b)
Start importing Assets/Thrid Party/Asset_Bought/PolygonNature/Materials/Leaves/PolygonNature_Leaves_Base.mat using Guid(d3a600439af714f4280d93e74cc75853) Importer(815301076,1909f56bfc062723c751e8b465ee728b)  -> (artifact id: '115950f9cbf309addf054a1f24f83681') in 0.023978 seconds
  Import took 0.026320 seconds .

========================================================================
Received Import Request.
  Time since last request: 0.990943 seconds.
  path: Assets/Thrid Party/Asset_Bought/PolygonNature/Materials/Misc/PolygonNature_Tree_Dead.mat
  artifactKey: Guid(e1f54bdf015ca854499e28adf35f2de1) Importer(815301076,1909f56bfc062723c751e8b465ee728b)
Start importing Assets/Thrid Party/Asset_Bought/PolygonNature/Materials/Misc/PolygonNature_Tree_Dead.mat using Guid(e1f54bdf015ca854499e28adf35f2de1) Importer(815301076,1909f56bfc062723c751e8b465ee728b)  -> (artifact id: '55013fa87eb439eee31ed269eb85c0a3') in 0.024276 seconds
  Import took 0.027060 seconds .

========================================================================
Received Import Request.
  Time since last request: 0.004085 seconds.
  path: Assets/Thrid Party/Asset_Bought/PolygonNature/Materials/Misc/PolygonNature_Tree_Dead.mat
  artifactKey: Guid(e1f54bdf015ca854499e28adf35f2de1) Importer(815301076,1909f56bfc062723c751e8b465ee728b)
Start importing Assets/Thrid Party/Asset_Bought/PolygonNature/Materials/Misc/PolygonNature_Tree_Dead.mat using Guid(e1f54bdf015ca854499e28adf35f2de1) Importer(815301076,1909f56bfc062723c751e8b465ee728b)  -> (artifact id: '55013fa87eb439eee31ed269eb85c0a3') in 0.016949 seconds
  Import took 0.019721 seconds .

========================================================================
Received Import Request.
  Time since last request: 47.492965 seconds.
  path: Assets/Thrid Party/Asset_Bought/PolygonNature/Prefabs/Trees/SM_Tree_Generic_01.prefab
  artifactKey: Guid(e377b882a13405d4b9d5c3e8e747595e) Importer(815301076,1909f56bfc062723c751e8b465ee728b)
Start importing Assets/Thrid Party/Asset_Bought/PolygonNature/Prefabs/Trees/SM_Tree_Generic_01.prefab using Guid(e377b882a13405d4b9d5c3e8e747595e) Importer(815301076,1909f56bfc062723c751e8b465ee728b)  -> (artifact id: 'cf6ce96ab9e52788d800c85423eeb398') in 0.030582 seconds
  Import took 0.032960 seconds .

========================================================================
Received Import Request.
  Time since last request: 0.000250 seconds.
  path: Assets/Thrid Party/Asset_Bought/PolygonNature/Prefabs/Trees/SM_Tree_Generic_Giant_01.prefab
  artifactKey: Guid(5301afbcc2367b5469f618258a227b39) Importer(815301076,1909f56bfc062723c751e8b465ee728b)
Start importing Assets/Thrid Party/Asset_Bought/PolygonNature/Prefabs/Trees/SM_Tree_Generic_Giant_01.prefab using Guid(5301afbcc2367b5469f618258a227b39) Importer(815301076,1909f56bfc062723c751e8b465ee728b)  -> (artifact id: '43b7cb9bf561d46b8ac6207563b98153') in 0.030670 seconds
  Import took 0.033486 seconds .

========================================================================
Received Import Request.
  Time since last request: 0.000330 seconds.
  path: Assets/Thrid Party/Asset_Bought/PolygonNature/Prefabs/Trees/SM_Tree_Generic_Dead_01.prefab
  artifactKey: Guid(7df36f4afc1dd884e81156cd2cb6545d) Importer(815301076,1909f56bfc062723c751e8b465ee728b)
Start importing Assets/Thrid Party/Asset_Bought/PolygonNature/Prefabs/Trees/SM_Tree_Generic_Dead_01.prefab using Guid(7df36f4afc1dd884e81156cd2cb6545d) Importer(815301076,1909f56bfc062723c751e8b465ee728b)  -> (artifact id: '23953f63775cc3b3d56f07b1217f1683') in 0.027993 seconds
  Import took 0.030511 seconds .

========================================================================
Received Import Request.
  Time since last request: 0.000332 seconds.
  path: Assets/Thrid Party/Asset_Bought/PolygonNature/Prefabs/Trees/SM_Tree_Generic_01.prefab
  artifactKey: Guid(e377b882a13405d4b9d5c3e8e747595e) Importer(815301076,1909f56bfc062723c751e8b465ee728b)
Start importing Assets/Thrid Party/Asset_Bought/PolygonNature/Prefabs/Trees/SM_Tree_Generic_01.prefab using Guid(e377b882a13405d4b9d5c3e8e747595e) Importer(815301076,1909f56bfc062723c751e8b465ee728b)  -> (artifact id: 'cf6ce96ab9e52788d800c85423eeb398') in 0.032627 seconds
  Import took 0.035053 seconds .

========================================================================
Received Import Request.
  Time since last request: 3.572403 seconds.
  path: Assets/Thrid Party/Asset_Bought/PolygonNature/Materials
  artifactKey: Guid(36bb4d1ee620ecf40852cacb948d2a96) Importer(815301076,1909f56bfc062723c751e8b465ee728b)
Start importing Assets/Thrid Party/Asset_Bought/PolygonNature/Materials using Guid(36bb4d1ee620ecf40852cacb948d2a96) Importer(815301076,1909f56bfc062723c751e8b465ee728b)  -> (artifact id: '83f7d55c1d679afb8730d1c58f349321') in 0.008577 seconds
  Import took 0.015960 seconds .

========================================================================
Received Import Request.
  Time since last request: 0.966386 seconds.
  path: Assets/Thrid Party/Asset_Bought/PolygonNature/Materials/LODS
  artifactKey: Guid(ba67bd9f7420bb3449fedea2f3896317) Importer(815301076,1909f56bfc062723c751e8b465ee728b)
Start importing Assets/Thrid Party/Asset_Bought/PolygonNature/Materials/LODS using Guid(ba67bd9f7420bb3449fedea2f3896317) Importer(815301076,1909f56bfc062723c751e8b465ee728b)  -> (artifact id: '0f18500dca93e91efb858a866a17d371') in 0.009534 seconds
  Import took 0.011581 seconds .

========================================================================
Received Import Request.
  Time since last request: 0.086176 seconds.
  path: Assets/Thrid Party/Asset_Bought/PolygonNature/Materials/LODS/PolygonNature_Leaves_Base_LOD_01.mat
  artifactKey: Guid(d782eb9dd0e7bf149bcc879a4da28434) Importer(815301076,1909f56bfc062723c751e8b465ee728b)
Start importing Assets/Thrid Party/Asset_Bought/PolygonNature/Materials/LODS/PolygonNature_Leaves_Base_LOD_01.mat using Guid(d782eb9dd0e7bf149bcc879a4da28434) Importer(815301076,1909f56bfc062723c751e8b465ee728b)  -> (artifact id: '05fb655bbc09538da9aae42db7caf122') in 0.021871 seconds
  Import took 0.030605 seconds .

========================================================================
Received Import Request.
  Time since last request: 0.000299 seconds.
  path: Assets/Thrid Party/Asset_Bought/PolygonNature/Materials/LODS/PolygonNature_Tree_Dead_Trunk_LOD_01.mat
  artifactKey: Guid(126b33b9d4057424082c1451d564f3d7) Importer(815301076,1909f56bfc062723c751e8b465ee728b)
Start importing Assets/Thrid Party/Asset_Bought/PolygonNature/Materials/LODS/PolygonNature_Tree_Dead_Trunk_LOD_01.mat using Guid(126b33b9d4057424082c1451d564f3d7) Importer(815301076,1909f56bfc062723c751e8b465ee728b)  -> (artifact id: '20ed461318497bc03574bafc93a7374d') in 0.022240 seconds
  Import took 0.026750 seconds .

========================================================================
Received Import Request.
  Time since last request: 0.002952 seconds.
  path: Assets/Thrid Party/Asset_Bought/PolygonNature/Materials/LODS/PolygonNature_Tree_Dead_Trunk_LOD_01.mat
  artifactKey: Guid(126b33b9d4057424082c1451d564f3d7) Importer(815301076,1909f56bfc062723c751e8b465ee728b)
Start importing Assets/Thrid Party/Asset_Bought/PolygonNature/Materials/LODS/PolygonNature_Tree_Dead_Trunk_LOD_01.mat using Guid(126b33b9d4057424082c1451d564f3d7) Importer(815301076,1909f56bfc062723c751e8b465ee728b)  -> (artifact id: '20ed461318497bc03574bafc93a7374d') in 0.014437 seconds
  Import took 0.016629 seconds .

========================================================================
Received Import Request.
  Time since last request: 157.605852 seconds.
  path: Assets/Thrid Party/Asset_Bought/PolygonNature/Textures/Leaves/emissive.png
  artifactKey: Guid(99c4608ee9333d248989392de94081fd) Importer(815301076,1909f56bfc062723c751e8b465ee728b)
Start importing Assets/Thrid Party/Asset_Bought/PolygonNature/Textures/Leaves/emissive.png using Guid(99c4608ee9333d248989392de94081fd) Importer(815301076,1909f56bfc062723c751e8b465ee728b)  -> (artifact id: 'bed5939dd5d7befd9f9c32afc0a3fea5') in 0.088737 seconds
  Import took 0.091114 seconds .

========================================================================
Received Import Request.
  Time since last request: 0.000319 seconds.
  path: Assets/Thrid Party/Asset_Bought/PolygonNature/Textures/Leaves/Tree_Dead_Branch.png
  artifactKey: Guid(18f32a469c2284442a3f628d30c5a305) Importer(815301076,1909f56bfc062723c751e8b465ee728b)
Start importing Assets/Thrid Party/Asset_Bought/PolygonNature/Textures/Leaves/Tree_Dead_Branch.png using Guid(18f32a469c2284442a3f628d30c5a305) Importer(815301076,1909f56bfc062723c751e8b465ee728b)  -> (artifact id: 'f018b1e84fd72f2fece6a19849e5c67a') in 0.018237 seconds
  Import took 0.021350 seconds .

========================================================================
Received Import Request.
  Time since last request: 0.000362 seconds.
  path: Assets/Thrid Party/Asset_Bought/PolygonNature/Textures/Leaves/Leaves_Generic_MaskTexture.png
  artifactKey: Guid(baa504bdc39ed4a4d89c24e64ae6b8e5) Importer(815301076,1909f56bfc062723c751e8b465ee728b)
Start importing Assets/Thrid Party/Asset_Bought/PolygonNature/Textures/Leaves/Leaves_Generic_MaskTexture.png using Guid(baa504bdc39ed4a4d89c24e64ae6b8e5) Importer(815301076,1909f56bfc062723c751e8b465ee728b)  -> (artifact id: '6170fda7aa39cdfb30a29327f7d68b7b') in 0.020959 seconds
  Import took 0.022938 seconds .

========================================================================
Received Import Request.
  Time since last request: 0.000384 seconds.
  path: Assets/Thrid Party/Asset_Bought/PolygonNature/Textures/Leaves/Leaves_Generic_Texture.png
  artifactKey: Guid(f6719627c8a45d1459ff89b93a967b05) Importer(815301076,1909f56bfc062723c751e8b465ee728b)
Start importing Assets/Thrid Party/Asset_Bought/PolygonNature/Textures/Leaves/Leaves_Generic_Texture.png using Guid(f6719627c8a45d1459ff89b93a967b05) Importer(815301076,1909f56bfc062723c751e8b465ee728b)  -> (artifact id: '1e65ccb132c888fffb516b645edbf3c9') in 0.017900 seconds
  Import took 0.020325 seconds .

========================================================================
Received Import Request.
  Time since last request: 0.000402 seconds.
  path: Assets/Thrid Party/Asset_Bought/PolygonNature/Textures/Leaves/emissive.png
  artifactKey: Guid(99c4608ee9333d248989392de94081fd) Importer(815301076,1909f56bfc062723c751e8b465ee728b)
Start importing Assets/Thrid Party/Asset_Bought/PolygonNature/Textures/Leaves/emissive.png using Guid(99c4608ee9333d248989392de94081fd) Importer(815301076,1909f56bfc062723c751e8b465ee728b)  -> (artifact id: 'bed5939dd5d7befd9f9c32afc0a3fea5') in 0.017050 seconds
  Import took 0.019644 seconds .

========================================================================
Received Import Request.
  Time since last request: 100.348390 seconds.
  path: Assets/Thrid Party/Asset_Bought/PolygonNature/Textures/PolygonNature_01.png
  artifactKey: Guid(2edd58f7c433e934db9029c375173b44) Importer(815301076,1909f56bfc062723c751e8b465ee728b)
Start importing Assets/Thrid Party/Asset_Bought/PolygonNature/Textures/PolygonNature_01.png using Guid(2edd58f7c433e934db9029c375173b44) Importer(815301076,1909f56bfc062723c751e8b465ee728b)  -> (artifact id: '4e84be385ecc4a6c19a9392b68655dfb') in 0.016408 seconds
  Import took 0.018468 seconds .

========================================================================
Received Import Request.
  Time since last request: 31.247249 seconds.
  path: Packages/com.unity.collab-proxy/Editor/Assets/Icons/deleted-file-light.png
  artifactKey: Guid(bb678af880b2dd74cbd76186590c66da) Importer(815301076,1909f56bfc062723c751e8b465ee728b)
Start importing Packages/com.unity.collab-proxy/Editor/Assets/Icons/deleted-file-light.png using Guid(bb678af880b2dd74cbd76186590c66da) Importer(815301076,1909f56bfc062723c751e8b465ee728b)  -> (artifact id: '142ada52854244c3ca1d6999444f8181') in 0.020845 seconds
  Import took 0.023582 seconds .

========================================================================
Received Import Request.
  Time since last request: 0.000338 seconds.
  path: Packages/com.unity.collab-proxy/Editor/Assets/Icons/diff-dark@2x.png
  artifactKey: Guid(1875b6a8fb148514ab1d9494eae2dd9e) Importer(815301076,1909f56bfc062723c751e8b465ee728b)
Start importing Packages/com.unity.collab-proxy/Editor/Assets/Icons/diff-dark@2x.png using Guid(1875b6a8fb148514ab1d9494eae2dd9e) Importer(815301076,1909f56bfc062723c751e8b465ee728b)  -> (artifact id: '6c4370880e1bcff72e0e230787377653') in 0.028588 seconds
  Import took 0.030645 seconds .

========================================================================
Received Import Request.
  Time since last request: 0.000287 seconds.
  path: Packages/com.unity.collab-proxy/Editor/Assets/Icons/merge-light@2x.png
  artifactKey: Guid(52c8930beb5f2774ebec26a86c7e9713) Importer(815301076,1909f56bfc062723c751e8b465ee728b)
Start importing Packages/com.unity.collab-proxy/Editor/Assets/Icons/merge-light@2x.png using Guid(52c8930beb5f2774ebec26a86c7e9713) Importer(815301076,1909f56bfc062723c751e8b465ee728b)  -> (artifact id: 'd4f1d5f085167cff970cc27fbe64c8b1') in 0.022635 seconds
  Import took 0.025388 seconds .

========================================================================
Received Import Request.
  Time since last request: 0.000357 seconds.
  path: Packages/com.unity.collab-proxy/Editor/Assets/Icons/edited-file-dark@2x.png
  artifactKey: Guid(cdf2b54d520524c418aed1dc00eec185) Importer(815301076,1909f56bfc062723c751e8b465ee728b)
Start importing Packages/com.unity.collab-proxy/Editor/Assets/Icons/edited-file-dark@2x.png using Guid(cdf2b54d520524c418aed1dc00eec185) Importer(815301076,1909f56bfc062723c751e8b465ee728b)  -> (artifact id: '0ea246dff90cd09e81f52cb79afa72b2') in 0.019230 seconds
  Import took 0.021230 seconds .

========================================================================
Received Import Request.
  Time since last request: 0.000298 seconds.
  path: Packages/com.unity.collab-proxy/Editor/Assets/Icons/diff-dark.png
  artifactKey: Guid(06bb2a7fb040987409dae109d185de22) Importer(815301076,1909f56bfc062723c751e8b465ee728b)
Start importing Packages/com.unity.collab-proxy/Editor/Assets/Icons/diff-dark.png using Guid(06bb2a7fb040987409dae109d185de22) Importer(815301076,1909f56bfc062723c751e8b465ee728b)  -> (artifact id: 'b6893c60071d0130f478415636db47ea') in 0.020138 seconds
  Import took 0.022154 seconds .

========================================================================
Received Import Request.
  Time since last request: 0.000257 seconds.
  path: Packages/com.unity.collab-proxy/Editor/Assets/Icons/deleted-file-light.png
  artifactKey: Guid(bb678af880b2dd74cbd76186590c66da) Importer(815301076,1909f56bfc062723c751e8b465ee728b)
Start importing Packages/com.unity.collab-proxy/Editor/Assets/Icons/deleted-file-light.png using Guid(bb678af880b2dd74cbd76186590c66da) Importer(815301076,1909f56bfc062723c751e8b465ee728b)  -> (artifact id: '142ada52854244c3ca1d6999444f8181') in 0.010168 seconds
  Import took 0.012271 seconds .

========================================================================
Received Import Request.
  Time since last request: 0.000428 seconds.
  path: Packages/com.unity.collab-proxy/Editor/Assets/Icons/merge-conflicts-dark.png
  artifactKey: Guid(f15453c5e25703942b480f17a40794f5) Importer(815301076,1909f56bfc062723c751e8b465ee728b)
Start importing Packages/com.unity.collab-proxy/Editor/Assets/Icons/merge-conflicts-dark.png using Guid(f15453c5e25703942b480f17a40794f5) Importer(815301076,1909f56bfc062723c751e8b465ee728b)  -> (artifact id: 'd874f1cefb8d7524e930789438b84e65') in 0.021930 seconds
  Import took 0.024637 seconds .

========================================================================
Received Import Request.
  Time since last request: 0.000303 seconds.
  path: Packages/com.unity.collab-proxy/Editor/Assets/Icons/moved-file-light@2x.png
  artifactKey: Guid(3a008b3f63356f241a197da231865421) Importer(815301076,1909f56bfc062723c751e8b465ee728b)
Start importing Packages/com.unity.collab-proxy/Editor/Assets/Icons/moved-file-light@2x.png using Guid(3a008b3f63356f241a197da231865421) Importer(815301076,1909f56bfc062723c751e8b465ee728b)  -> (artifact id: '45a61accc0584f644c0ea763d183533a') in 0.019847 seconds
  Import took 0.022219 seconds .

========================================================================
Received Import Request.
  Time since last request: 0.000241 seconds.
  path: Packages/com.unity.collab-proxy/Editor/Assets/Icons/more-vert-light@2x.png
  artifactKey: Guid(f9053b8d7b8c0d446a1f1fd28fec65c1) Importer(815301076,1909f56bfc062723c751e8b465ee728b)
Start importing Packages/com.unity.collab-proxy/Editor/Assets/Icons/more-vert-light@2x.png using Guid(f9053b8d7b8c0d446a1f1fd28fec65c1) Importer(815301076,1909f56bfc062723c751e8b465ee728b)  -> (artifact id: '9241527ad935594255b6d659fc338899') in 0.019183 seconds
  Import took 0.021572 seconds .

========================================================================
Received Import Request.
  Time since last request: 0.000346 seconds.
  path: Packages/com.unity.collab-proxy/Editor/Assets/Icons/deleted-file-light@2x.png
  artifactKey: Guid(f1c735dde115d4f4c9ff5c633f07fbb8) Importer(815301076,1909f56bfc062723c751e8b465ee728b)
Start importing Packages/com.unity.collab-proxy/Editor/Assets/Icons/deleted-file-light@2x.png using Guid(f1c735dde115d4f4c9ff5c633f07fbb8) Importer(815301076,1909f56bfc062723c751e8b465ee728b)  -> (artifact id: 'c3c58f579dc25c5fb70d6e2cbecc1688') in 0.019827 seconds
  Import took 0.022305 seconds .

========================================================================
Received Import Request.
  Time since last request: 0.000292 seconds.
  path: Packages/com.unity.collab-proxy/Editor/Assets/Icons/diff-light@2x.png
  artifactKey: Guid(56f45ee382e8dc847bd536ba8de7300b) Importer(815301076,1909f56bfc062723c751e8b465ee728b)
Start importing Packages/com.unity.collab-proxy/Editor/Assets/Icons/diff-light@2x.png using Guid(56f45ee382e8dc847bd536ba8de7300b) Importer(815301076,1909f56bfc062723c751e8b465ee728b)  -> (artifact id: '4021f82ed18a07115a5d7ceb3d9cef66') in 0.022017 seconds
  Import took 0.023901 seconds .

========================================================================
Received Import Request.
  Time since last request: 0.000316 seconds.
  path: Packages/com.unity.collab-proxy/Editor/Assets/Icons/loading-dark.png
  artifactKey: Guid(ddc4c89f94d2d994c8d7275e3929ff60) Importer(815301076,1909f56bfc062723c751e8b465ee728b)
Start importing Packages/com.unity.collab-proxy/Editor/Assets/Icons/loading-dark.png using Guid(ddc4c89f94d2d994c8d7275e3929ff60) Importer(815301076,1909f56bfc062723c751e8b465ee728b)  -> (artifact id: '8db969a8570a60c7b16206cd5c526810') in 0.020486 seconds
  Import took 0.022803 seconds .

========================================================================
Received Import Request.
  Time since last request: 0.000340 seconds.
  path: Packages/com.unity.collab-proxy/Editor/Assets/Icons/edited-file-dark.png
  artifactKey: Guid(bcc2167ce63c6264b9c1295e97bec6bc) Importer(815301076,1909f56bfc062723c751e8b465ee728b)
Start importing Packages/com.unity.collab-proxy/Editor/Assets/Icons/edited-file-dark.png using Guid(bcc2167ce63c6264b9c1295e97bec6bc) Importer(815301076,1909f56bfc062723c751e8b465ee728b)  -> (artifact id: 'c4af41a4d729f58b19ce2843043f1122') in 0.020149 seconds
  Import took 0.022358 seconds .

========================================================================
Received Import Request.
  Time since last request: 0.000302 seconds.
  path: Packages/com.unity.collab-proxy/Editor/Assets/Icons/merge-dark.png
  artifactKey: Guid(a7dda6e49f4dd1c4bb0fac36bf812173) Importer(815301076,1909f56bfc062723c751e8b465ee728b)
Start importing Packages/com.unity.collab-proxy/Editor/Assets/Icons/merge-dark.png using Guid(a7dda6e49f4dd1c4bb0fac36bf812173) Importer(815301076,1909f56bfc062723c751e8b465ee728b)  -> (artifact id: '431d1f81cced969c7286efda9c02e57d') in 0.019378 seconds
  Import took 0.021519 seconds .

========================================================================
Received Import Request.
  Time since last request: 0.000348 seconds.
  path: Packages/com.unity.collab-proxy/Editor/Assets/Icons/merge-conflicts-light.png
  artifactKey: Guid(d876c6d477e3c3b4891cdee8f10ecaf1) Importer(815301076,1909f56bfc062723c751e8b465ee728b)
Start importing Packages/com.unity.collab-proxy/Editor/Assets/Icons/merge-conflicts-light.png using Guid(d876c6d477e3c3b4891cdee8f10ecaf1) Importer(815301076,1909f56bfc062723c751e8b465ee728b)  -> (artifact id: 'bb5ae48b6976bdb51a3ce47399e8466a') in 0.019545 seconds
  Import took 0.021746 seconds .

========================================================================
Received Import Request.
  Time since last request: 0.000339 seconds.
  path: Packages/com.unity.collab-proxy/Editor/Assets/Icons/merge-conflicts-light@2x.png
  artifactKey: Guid(56adf392a7d080448ab9b85e27356d2e) Importer(815301076,1909f56bfc062723c751e8b465ee728b)
Start importing Packages/com.unity.collab-proxy/Editor/Assets/Icons/merge-conflicts-light@2x.png using Guid(56adf392a7d080448ab9b85e27356d2e) Importer(815301076,1909f56bfc062723c751e8b465ee728b)  -> (artifact id: 'e4bfadae0830488d1ebe9e505e7b4665') in 0.020700 seconds
  Import took 0.022639 seconds .

========================================================================
Received Import Request.
  Time since last request: 0.000442 seconds.
  path: Packages/com.unity.collab-proxy/Editor/Assets/Icons/more-vert-dark.png
  artifactKey: Guid(3cf437657a48d3f4790401155e66704c) Importer(815301076,1909f56bfc062723c751e8b465ee728b)
Start importing Packages/com.unity.collab-proxy/Editor/Assets/Icons/more-vert-dark.png using Guid(3cf437657a48d3f4790401155e66704c) Importer(815301076,1909f56bfc062723c751e8b465ee728b)  -> (artifact id: '252426c4d3b3e9f97c85ec67dd381d3c') in 0.018208 seconds
  Import took 0.020152 seconds .

========================================================================
Received Import Request.
  Time since last request: 0.000307 seconds.
  path: Packages/com.unity.collab-proxy/Editor/Assets/Icons/moved-file-dark.png
  artifactKey: Guid(e3ea510ab0d9de74d825181746b18285) Importer(815301076,1909f56bfc062723c751e8b465ee728b)
Start importing Packages/com.unity.collab-proxy/Editor/Assets/Icons/moved-file-dark.png using Guid(e3ea510ab0d9de74d825181746b18285) Importer(815301076,1909f56bfc062723c751e8b465ee728b)  -> (artifact id: '71d03620ba2b35e22f4bd1f121abde1a') in 0.020437 seconds
  Import took 0.022444 seconds .

========================================================================
Received Import Request.
  Time since last request: 0.000315 seconds.
  path: Packages/com.unity.collab-proxy/Editor/Assets/Icons/edited-file-light@2x.png
  artifactKey: Guid(c5b20b1351db04e44b3baeba4679c8d7) Importer(815301076,1909f56bfc062723c751e8b465ee728b)
Start importing Packages/com.unity.collab-proxy/Editor/Assets/Icons/edited-file-light@2x.png using Guid(c5b20b1351db04e44b3baeba4679c8d7) Importer(815301076,1909f56bfc062723c751e8b465ee728b)  -> (artifact id: '0bab2b1619d20586e0830662b616de06') in 0.020112 seconds
  Import took 0.022076 seconds .

========================================================================
Received Import Request.
  Time since last request: 0.000342 seconds.
  path: Packages/com.unity.collab-proxy/Editor/Assets/Icons/loading-dark@2x.png
  artifactKey: Guid(d021820613d286f48915c2de657245d5) Importer(815301076,1909f56bfc062723c751e8b465ee728b)
Start importing Packages/com.unity.collab-proxy/Editor/Assets/Icons/loading-dark@2x.png using Guid(d021820613d286f48915c2de657245d5) Importer(815301076,1909f56bfc062723c751e8b465ee728b)  -> (artifact id: 'adf6a7511af328ae037775e094a3f4c6') in 0.019800 seconds
  Import took 0.021714 seconds .

========================================================================
Received Import Request.
  Time since last request: 0.000421 seconds.
  path: Packages/com.unity.collab-proxy/Editor/Assets/Icons/moved-file-dark@2x.png
  artifactKey: Guid(d0c9bfe4ae0d68a4f945b3a8d983af01) Importer(815301076,1909f56bfc062723c751e8b465ee728b)
Start importing Packages/com.unity.collab-proxy/Editor/Assets/Icons/moved-file-dark@2x.png using Guid(d0c9bfe4ae0d68a4f945b3a8d983af01) Importer(815301076,1909f56bfc062723c751e8b465ee728b)  -> (artifact id: '07ee73b01767c664be23349685d0e8c5') in 0.018667 seconds
  Import took 0.021279 seconds .

========================================================================
Received Import Request.
  Time since last request: 0.000405 seconds.
  path: Packages/com.unity.collab-proxy/Editor/Assets/Icons/merge-dark@2x.png
  artifactKey: Guid(6b972fca7700d6748b66eb72f2072e74) Importer(815301076,1909f56bfc062723c751e8b465ee728b)
Start importing Packages/com.unity.collab-proxy/Editor/Assets/Icons/merge-dark@2x.png using Guid(6b972fca7700d6748b66eb72f2072e74) Importer(815301076,1909f56bfc062723c751e8b465ee728b)  -> (artifact id: 'e33cf5c9db14a08f9e9634b079d629df') in 0.020238 seconds
  Import took 0.022367 seconds .

========================================================================
Received Import Request.
  Time since last request: 0.000405 seconds.
  path: Packages/com.unity.collab-proxy/Editor/Assets/Icons/merge-conflicts-dark@2x.png
  artifactKey: Guid(7dc96f2ba3659a64eb632128d0705ddc) Importer(815301076,1909f56bfc062723c751e8b465ee728b)
Start importing Packages/com.unity.collab-proxy/Editor/Assets/Icons/merge-conflicts-dark@2x.png using Guid(7dc96f2ba3659a64eb632128d0705ddc) Importer(815301076,1909f56bfc062723c751e8b465ee728b)  -> (artifact id: '3139a907545c3781bbe2cd242c266181') in 0.018844 seconds
  Import took 0.020795 seconds .

========================================================================
Received Import Request.
  Time since last request: 0.000243 seconds.
  path: Packages/com.unity.collab-proxy/Editor/Assets/Icons/moved-file-light.png
  artifactKey: Guid(4616bb1fdd540b8418c6840020e72248) Importer(815301076,1909f56bfc062723c751e8b465ee728b)
Start importing Packages/com.unity.collab-proxy/Editor/Assets/Icons/moved-file-light.png using Guid(4616bb1fdd540b8418c6840020e72248) Importer(815301076,1909f56bfc062723c751e8b465ee728b)  -> (artifact id: 'af9f14914122b51a1b8752e2b13de468') in 0.020618 seconds
  Import took 0.022499 seconds .

========================================================================
Received Import Request.
  Time since last request: 0.000329 seconds.
  path: Packages/com.unity.collab-proxy/Editor/Assets/Icons/diff-light.png
  artifactKey: Guid(f4d24f788ff8ef0448d273529dc5d9a0) Importer(815301076,1909f56bfc062723c751e8b465ee728b)
Start importing Packages/com.unity.collab-proxy/Editor/Assets/Icons/diff-light.png using Guid(f4d24f788ff8ef0448d273529dc5d9a0) Importer(815301076,1909f56bfc062723c751e8b465ee728b)  -> (artifact id: '7c7634704faa4491176efa267a119ad2') in 0.020156 seconds
  Import took 0.022195 seconds .

========================================================================
Received Import Request.
  Time since last request: 0.000308 seconds.
  path: Packages/com.unity.collab-proxy/Editor/Assets/Icons/more-vert-dark@2x.png
  artifactKey: Guid(366c5b350c052f34aa6909c6563fb9e9) Importer(815301076,1909f56bfc062723c751e8b465ee728b)
Start importing Packages/com.unity.collab-proxy/Editor/Assets/Icons/more-vert-dark@2x.png using Guid(366c5b350c052f34aa6909c6563fb9e9) Importer(815301076,1909f56bfc062723c751e8b465ee728b)  -> (artifact id: 'e41eb9eae447a68e7cf4b6b4a473f2d8') in 0.019140 seconds
  Import took 0.020969 seconds .

========================================================================
Received Import Request.
  Time since last request: 0.000289 seconds.
  path: Packages/com.unity.collab-proxy/Editor/Assets/Icons/edited-file-light.png
  artifactKey: Guid(33c1613cec3e57243baaa6b3dba6fec5) Importer(815301076,1909f56bfc062723c751e8b465ee728b)
Start importing Packages/com.unity.collab-proxy/Editor/Assets/Icons/edited-file-light.png using Guid(33c1613cec3e57243baaa6b3dba6fec5) Importer(815301076,1909f56bfc062723c751e8b465ee728b)  -> (artifact id: '07618dce96bfa8f5aefa63e89ea141d6') in 0.019567 seconds
  Import took 0.021530 seconds .

========================================================================
Received Import Request.
  Time since last request: 0.000279 seconds.
  path: Packages/com.unity.collab-proxy/Editor/Assets/Icons/loading-light@2x.png
  artifactKey: Guid(4d614e4edbf542c418d50ec49eed858d) Importer(815301076,1909f56bfc062723c751e8b465ee728b)
Start importing Packages/com.unity.collab-proxy/Editor/Assets/Icons/loading-light@2x.png using Guid(4d614e4edbf542c418d50ec49eed858d) Importer(815301076,1909f56bfc062723c751e8b465ee728b)  -> (artifact id: '7367f2c25fbeb4852651a7e85032a1e7') in 0.021152 seconds
  Import took 0.023136 seconds .

========================================================================
Received Import Request.
  Time since last request: 0.000304 seconds.
  path: Packages/com.unity.collab-proxy/Editor/Assets/Icons/loading-light.png
  artifactKey: Guid(77502b03a9bd59440840caed1248d860) Importer(815301076,1909f56bfc062723c751e8b465ee728b)
Start importing Packages/com.unity.collab-proxy/Editor/Assets/Icons/loading-light.png using Guid(77502b03a9bd59440840caed1248d860) Importer(815301076,1909f56bfc062723c751e8b465ee728b)  -> (artifact id: '92fd086dd989e4db1542fd1251650506') in 0.020415 seconds
  Import took 0.022474 seconds .

========================================================================
Received Import Request.
  Time since last request: 0.000506 seconds.
  path: Packages/com.unity.collab-proxy/Editor/Assets/Icons/merge-light.png
  artifactKey: Guid(cd20fda32910f2942bd0231aa038b0bf) Importer(815301076,1909f56bfc062723c751e8b465ee728b)
Start importing Packages/com.unity.collab-proxy/Editor/Assets/Icons/merge-light.png using Guid(cd20fda32910f2942bd0231aa038b0bf) Importer(815301076,1909f56bfc062723c751e8b465ee728b)  -> (artifact id: '60bbb074d3c63b6b1e116ad69a12e706') in 0.020601 seconds
  Import took 0.022845 seconds .

========================================================================
Received Import Request.
  Time since last request: 0.000283 seconds.
  path: Packages/com.unity.collab-proxy/Editor/Assets/Icons/more-vert-light.png
  artifactKey: Guid(6232fff3dd732c24b810a139724ea7cf) Importer(815301076,1909f56bfc062723c751e8b465ee728b)
Start importing Packages/com.unity.collab-proxy/Editor/Assets/Icons/more-vert-light.png using Guid(6232fff3dd732c24b810a139724ea7cf) Importer(815301076,1909f56bfc062723c751e8b465ee728b)  -> (artifact id: 'e3f94045bba2e93351278c45df0f8753') in 0.019601 seconds
  Import took 0.021834 seconds .

========================================================================
Received Import Request.
  Time since last request: 0.010882 seconds.
  path: Packages/com.unity.collab-proxy/Editor/Assets/Icons/more-vert-light.png
  artifactKey: Guid(6232fff3dd732c24b810a139724ea7cf) Importer(815301076,1909f56bfc062723c751e8b465ee728b)
Start importing Packages/com.unity.collab-proxy/Editor/Assets/Icons/more-vert-light.png using Guid(6232fff3dd732c24b810a139724ea7cf) Importer(815301076,1909f56bfc062723c751e8b465ee728b)  -> (artifact id: 'e3f94045bba2e93351278c45df0f8753') in 0.010169 seconds
  Import took 0.012478 seconds .

========================================================================
Received Import Request.
  Time since last request: 1.829539 seconds.
  path: Packages/com.unity.collab-proxy/Editor/Assets/Icons/added-file-dark.png
  artifactKey: Guid(1a4f52b613391cd449af3ad2e44affeb) Importer(815301076,1909f56bfc062723c751e8b465ee728b)
Start importing Packages/com.unity.collab-proxy/Editor/Assets/Icons/added-file-dark.png using Guid(1a4f52b613391cd449af3ad2e44affeb) Importer(815301076,1909f56bfc062723c751e8b465ee728b)  -> (artifact id: 'b6c50c6b02d9b73c5e2e4a85549794a4') in 0.019310 seconds
  Import took 0.021264 seconds .

========================================================================
Received Import Request.
  Time since last request: 0.000335 seconds.
  path: Packages/com.unity.textmeshpro/Editor Resources/Textures/btn_AlignLeft.psd
  artifactKey: Guid(9288066c33474b94b6ee5465f4df1cc0) Importer(815301076,1909f56bfc062723c751e8b465ee728b)
Start importing Packages/com.unity.textmeshpro/Editor Resources/Textures/btn_AlignLeft.psd using Guid(9288066c33474b94b6ee5465f4df1cc0) Importer(815301076,1909f56bfc062723c751e8b465ee728b)  -> (artifact id: '62dc3e5937843892c2c84456db69b25d') in 0.058895 seconds
  Import took 0.060724 seconds .

========================================================================
Received Import Request.
  Time since last request: 0.000320 seconds.
  path: Packages/com.unity.textmeshpro/Editor Resources/Textures/btn_AlignCapLine.psd
  artifactKey: Guid(0d9a36012a224080966c7b55896aa0f9) Importer(815301076,1909f56bfc062723c751e8b465ee728b)
Start importing Packages/com.unity.textmeshpro/Editor Resources/Textures/btn_AlignCapLine.psd using Guid(0d9a36012a224080966c7b55896aa0f9) Importer(815301076,1909f56bfc062723c751e8b465ee728b)  -> (artifact id: '3b1e2320c4b78815b8c21ff039181187') in 0.020777 seconds
  Import took 0.022727 seconds .

========================================================================
Received Import Request.
  Time since last request: 0.000290 seconds.
  path: Packages/com.unity.textmeshpro/Editor Resources/Textures/btn_AlignFlush_Light.psd
  artifactKey: Guid(64b9fad609434c489c32b1cdf2004a1c) Importer(815301076,1909f56bfc062723c751e8b465ee728b)
Start importing Packages/com.unity.textmeshpro/Editor Resources/Textures/btn_AlignFlush_Light.psd using Guid(64b9fad609434c489c32b1cdf2004a1c) Importer(815301076,1909f56bfc062723c751e8b465ee728b)  -> (artifact id: '40df2ce8ead2376e4e1692d8b7183a0f') in 0.020390 seconds
  Import took 0.023226 seconds .

========================================================================
Received Import Request.
  Time since last request: 0.000264 seconds.
  path: Packages/com.unity.textmeshpro/Editor Resources/Textures/btn_AlignFlush.psd
  artifactKey: Guid(691475c57a824010be0c6f474caeb7e1) Importer(815301076,1909f56bfc062723c751e8b465ee728b)
Start importing Packages/com.unity.textmeshpro/Editor Resources/Textures/btn_AlignFlush.psd using Guid(691475c57a824010be0c6f474caeb7e1) Importer(815301076,1909f56bfc062723c751e8b465ee728b)  -> (artifact id: 'd247c4f0b1d0cddedcebb838ad6dbaaf') in 0.019095 seconds
  Import took 0.020980 seconds .

========================================================================
Received Import Request.
  Time since last request: 0.000331 seconds.
  path: Packages/com.unity.textmeshpro/Editor Resources/Textures/btn_AlignTop_Light.psd
  artifactKey: Guid(ed041e68439749a69d0efa0e3d896c2e) Importer(815301076,1909f56bfc062723c751e8b465ee728b)
Start importing Packages/com.unity.textmeshpro/Editor Resources/Textures/btn_AlignTop_Light.psd using Guid(ed041e68439749a69d0efa0e3d896c2e) Importer(815301076,1909f56bfc062723c751e8b465ee728b)  -> (artifact id: '1f5d62fab3a3e3acd6e463abb66f3361') in 0.019439 seconds
  Import took 0.021554 seconds .

========================================================================
Received Import Request.
  Time since last request: 0.000355 seconds.
  path: Packages/com.unity.textmeshpro/Editor Resources/Textures/btn_AlignCenter_Light.psd
  artifactKey: Guid(6ace62d30f494c948b71d5594afce11d) Importer(815301076,1909f56bfc062723c751e8b465ee728b)
Start importing Packages/com.unity.textmeshpro/Editor Resources/Textures/btn_AlignCenter_Light.psd using Guid(6ace62d30f494c948b71d5594afce11d) Importer(815301076,1909f56bfc062723c751e8b465ee728b)  -> (artifact id: 'ddc1b025f9f6dd963f126fba6a803bed') in 0.018752 seconds
  Import took 0.020995 seconds .

========================================================================
Received Import Request.
  Time since last request: 0.000290 seconds.
  path: Packages/com.unity.textmeshpro/Editor Resources/Textures/btn_AlignBottom_Light.psd
  artifactKey: Guid(585b70cb75dd43efbfead809c30a1731) Importer(815301076,1909f56bfc062723c751e8b465ee728b)
Start importing Packages/com.unity.textmeshpro/Editor Resources/Textures/btn_AlignBottom_Light.psd using Guid(585b70cb75dd43efbfead809c30a1731) Importer(815301076,1909f56bfc062723c751e8b465ee728b)  -> (artifact id: 'a079342de24d14c65f157b6c7e0ae6f7') in 0.018666 seconds
  Import took 0.020941 seconds .

========================================================================
Received Import Request.
  Time since last request: 0.000315 seconds.
  path: Packages/com.unity.textmeshpro/Editor Resources/Textures/btn_AlignRight.psd
  artifactKey: Guid(342a0f8aca7f4f0691338912faec0494) Importer(815301076,1909f56bfc062723c751e8b465ee728b)
Start importing Packages/com.unity.textmeshpro/Editor Resources/Textures/btn_AlignRight.psd using Guid(342a0f8aca7f4f0691338912faec0494) Importer(815301076,1909f56bfc062723c751e8b465ee728b)  -> (artifact id: '1985abddfd9bb7a67d9bc9dc1d55e266') in 0.018818 seconds
  Import took 0.021050 seconds .

========================================================================
Received Import Request.
  Time since last request: 0.000250 seconds.
  path: Packages/com.unity.collab-proxy/Editor/Assets/Icons/added-file-light@2x.png
  artifactKey: Guid(ec2e3aa6d0ab8ce4eac29b56d65d61d5) Importer(815301076,1909f56bfc062723c751e8b465ee728b)
Start importing Packages/com.unity.collab-proxy/Editor/Assets/Icons/added-file-light@2x.png using Guid(ec2e3aa6d0ab8ce4eac29b56d65d61d5) Importer(815301076,1909f56bfc062723c751e8b465ee728b)  -> (artifact id: 'a4de0a7a5e4ce4511bc09095573cae8b') in 0.019647 seconds
  Import took 0.021829 seconds .

========================================================================
Received Import Request.
  Time since last request: 0.000293 seconds.
  path: Packages/com.unity.textmeshpro/Editor Resources/Textures/btn_AlignMiddle_Light.psd
  artifactKey: Guid(066619c9c9c84f89acb1b48c11a7efe2) Importer(815301076,1909f56bfc062723c751e8b465ee728b)
Start importing Packages/com.unity.textmeshpro/Editor Resources/Textures/btn_AlignMiddle_Light.psd using Guid(066619c9c9c84f89acb1b48c11a7efe2) Importer(815301076,1909f56bfc062723c751e8b465ee728b)  -> (artifact id: '132a1ed4d7c735ea2f3bd7d592f2aadc') in 0.019375 seconds
  Import took 0.021406 seconds .

========================================================================
Received Import Request.
  Time since last request: 0.000241 seconds.
  path: Packages/com.unity.collab-proxy/Editor/Assets/Icons/back-light.png
  artifactKey: Guid(e676ab7aa99535447a763c9f88bf9260) Importer(815301076,1909f56bfc062723c751e8b465ee728b)
Start importing Packages/com.unity.collab-proxy/Editor/Assets/Icons/back-light.png using Guid(e676ab7aa99535447a763c9f88bf9260) Importer(815301076,1909f56bfc062723c751e8b465ee728b)  -> (artifact id: '31b0a8c754a76bc310ba5fbde663e255') in 0.020072 seconds
  Import took 0.022161 seconds .

========================================================================
Received Import Request.
  Time since last request: 0.000290 seconds.
  path: Packages/com.unity.textmeshpro/Editor Resources/Textures/btn_AlignBaseLine.psd
  artifactKey: Guid(8bc445bb79654bf496c92d0407840a92) Importer(815301076,1909f56bfc062723c751e8b465ee728b)
Start importing Packages/com.unity.textmeshpro/Editor Resources/Textures/btn_AlignBaseLine.psd using Guid(8bc445bb79654bf496c92d0407840a92) Importer(815301076,1909f56bfc062723c751e8b465ee728b)  -> (artifact id: '7357f28f43c0526a211b844ba791d3eb') in 0.017965 seconds
  Import took 0.019953 seconds .

========================================================================
Received Import Request.
  Time since last request: 0.000273 seconds.
  path: Packages/com.unity.textmeshpro/Editor Resources/Textures/btn_AlignJustified_Light.psd
  artifactKey: Guid(fa6bd40a216346b783a4cce741d277a5) Importer(815301076,1909f56bfc062723c751e8b465ee728b)
Start importing Packages/com.unity.textmeshpro/Editor Resources/Textures/btn_AlignJustified_Light.psd using Guid(fa6bd40a216346b783a4cce741d277a5) Importer(815301076,1909f56bfc062723c751e8b465ee728b)  -> (artifact id: '3495a4f3a49c42634a5695b8540d6fab') in 0.019324 seconds
  Import took 0.021513 seconds .

========================================================================
Received Import Request.
  Time since last request: 0.000315 seconds.
  path: Packages/com.unity.textmeshpro/Editor Resources/Textures/btn_AlignMidline_Light.psd
  artifactKey: Guid(bb42b2d967d6427983c901a4ffc8ecd9) Importer(815301076,1909f56bfc062723c751e8b465ee728b)
Start importing Packages/com.unity.textmeshpro/Editor Resources/Textures/btn_AlignMidline_Light.psd using Guid(bb42b2d967d6427983c901a4ffc8ecd9) Importer(815301076,1909f56bfc062723c751e8b465ee728b)  -> (artifact id: '5fed09cb1c96de6265de1196df7f425b') in 0.019053 seconds
  Import took 0.021108 seconds .

========================================================================
Received Import Request.
  Time since last request: 0.000350 seconds.
  path: Packages/com.unity.textmeshpro/Editor Resources/Textures/btn_AlignBaseLine_Light.psd
  artifactKey: Guid(18775b51e3bd42299fd30bd036ea982f) Importer(815301076,1909f56bfc062723c751e8b465ee728b)
Start importing Packages/com.unity.textmeshpro/Editor Resources/Textures/btn_AlignBaseLine_Light.psd using Guid(18775b51e3bd42299fd30bd036ea982f) Importer(815301076,1909f56bfc062723c751e8b465ee728b)  -> (artifact id: '633c128230dd65edd71219b64727c0ca') in 0.019710 seconds
  Import took 0.022056 seconds .

========================================================================
Received Import Request.
  Time since last request: 0.000369 seconds.
  path: Packages/com.unity.textmeshpro/Editor Resources/Textures/btn_AlignRight_Light.psd
  artifactKey: Guid(e05ace3bd15740cda0bad60d89092a5b) Importer(815301076,1909f56bfc062723c751e8b465ee728b)
Start importing Packages/com.unity.textmeshpro/Editor Resources/Textures/btn_AlignRight_Light.psd using Guid(e05ace3bd15740cda0bad60d89092a5b) Importer(815301076,1909f56bfc062723c751e8b465ee728b)  -> (artifact id: '4772f5132af1c7e6fd51c0d05a0e1ad1') in 0.021023 seconds
  Import took 0.023035 seconds .

========================================================================
Received Import Request.
  Time since last request: 0.000294 seconds.
  path: Packages/com.unity.textmeshpro/Editor Resources/Textures/btn_AlignJustified.psd
  artifactKey: Guid(92027f7f8cfc4feaa477da0dc38d3d46) Importer(815301076,1909f56bfc062723c751e8b465ee728b)
Start importing Packages/com.unity.textmeshpro/Editor Resources/Textures/btn_AlignJustified.psd using Guid(92027f7f8cfc4feaa477da0dc38d3d46) Importer(815301076,1909f56bfc062723c751e8b465ee728b)  -> (artifact id: '88eef17672ad372e2324d1e553fb607e') in 0.019633 seconds
  Import took 0.022200 seconds .

========================================================================
Received Import Request.
  Time since last request: 0.000262 seconds.
  path: Packages/com.unity.collab-proxy/Editor/Assets/Icons/back-light@2x.png
  artifactKey: Guid(f5c57327df0fa294c8209aa216435167) Importer(815301076,1909f56bfc062723c751e8b465ee728b)
Start importing Packages/com.unity.collab-proxy/Editor/Assets/Icons/back-light@2x.png using Guid(f5c57327df0fa294c8209aa216435167) Importer(815301076,1909f56bfc062723c751e8b465ee728b)  -> (artifact id: '9126f2c6a09177ddfe777bcef538ff86') in 0.018428 seconds
  Import took 0.020393 seconds .

========================================================================
Received Import Request.
  Time since last request: 0.000240 seconds.
  path: Packages/com.unity.textmeshpro/Editor Resources/Textures/btn_AlignCenterGeo.psd
  artifactKey: Guid(c76700ea0062413d9f69409b4e9e151b) Importer(815301076,1909f56bfc062723c751e8b465ee728b)
Start importing Packages/com.unity.textmeshpro/Editor Resources/Textures/btn_AlignCenterGeo.psd using Guid(c76700ea0062413d9f69409b4e9e151b) Importer(815301076,1909f56bfc062723c751e8b465ee728b)  -> (artifact id: '75e73d85ef0e0c060f23d1a1f75a4614') in 0.018580 seconds
  Import took 0.020937 seconds .

========================================================================
Received Import Request.
  Time since last request: 0.000359 seconds.
  path: Packages/com.unity.textmeshpro/Editor Resources/Textures/btn_AlignBottom.psd
  artifactKey: Guid(ca51b19024094d1b87f3e07edb0a75fb) Importer(815301076,1909f56bfc062723c751e8b465ee728b)
Start importing Packages/com.unity.textmeshpro/Editor Resources/Textures/btn_AlignBottom.psd using Guid(ca51b19024094d1b87f3e07edb0a75fb) Importer(815301076,1909f56bfc062723c751e8b465ee728b)  -> (artifact id: '04523af2aeb3be0a322de57cd8995ba7') in 0.019264 seconds
  Import took 0.021270 seconds .

========================================================================
Received Import Request.
  Time since last request: 0.000304 seconds.
  path: Packages/com.unity.textmeshpro/Editor Resources/Textures/btn_AlignMidLine.psd
  artifactKey: Guid(c2f7f6a88b4c4f20a53deb72f3d9144c) Importer(815301076,1909f56bfc062723c751e8b465ee728b)
Start importing Packages/com.unity.textmeshpro/Editor Resources/Textures/btn_AlignMidLine.psd using Guid(c2f7f6a88b4c4f20a53deb72f3d9144c) Importer(815301076,1909f56bfc062723c751e8b465ee728b)  -> (artifact id: '5da461f005791a1fad92f877f5d40f6f') in 0.019789 seconds
  Import took 0.022082 seconds .

========================================================================
Received Import Request.
  Time since last request: 0.000348 seconds.
  path: Packages/com.unity.collab-proxy/Editor/Assets/Icons/back-dark.png
  artifactKey: Guid(8e3ec2dfd58b79842aa78376678a9a05) Importer(815301076,1909f56bfc062723c751e8b465ee728b)
Start importing Packages/com.unity.collab-proxy/Editor/Assets/Icons/back-dark.png using Guid(8e3ec2dfd58b79842aa78376678a9a05) Importer(815301076,1909f56bfc062723c751e8b465ee728b)  -> (artifact id: '6418a2c11981f0acf802666f81ff2714') in 0.018359 seconds
  Import took 0.020604 seconds .

========================================================================
Received Import Request.
  Time since last request: 0.000285 seconds.
  path: Packages/com.unity.textmeshpro/Editor Resources/Textures/btn_AlignCenter.psd
  artifactKey: Guid(81ed8c76d2bc4a4c95d092c98af4e58f) Importer(815301076,1909f56bfc062723c751e8b465ee728b)
Start importing Packages/com.unity.textmeshpro/Editor Resources/Textures/btn_AlignCenter.psd using Guid(81ed8c76d2bc4a4c95d092c98af4e58f) Importer(815301076,1909f56bfc062723c751e8b465ee728b)  -> (artifact id: '08b65032cf944f91dee952901c4484ca') in 0.018944 seconds
  Import took 0.021131 seconds .

========================================================================
Received Import Request.
  Time since last request: 0.000308 seconds.
  path: Packages/com.unity.textmeshpro/Editor Resources/Textures/btn_AlignCenterGeo_Light.psd
  artifactKey: Guid(35ff0937876540d3bd4b6a941df62a92) Importer(815301076,1909f56bfc062723c751e8b465ee728b)
Start importing Packages/com.unity.textmeshpro/Editor Resources/Textures/btn_AlignCenterGeo_Light.psd using Guid(35ff0937876540d3bd4b6a941df62a92) Importer(815301076,1909f56bfc062723c751e8b465ee728b)  -> (artifact id: '5af7e1874d9f45d33675d9d02e0db557') in 0.019104 seconds
  Import took 0.021098 seconds .

========================================================================
Received Import Request.
  Time since last request: 0.000236 seconds.
  path: Packages/com.unity.textmeshpro/Editor Resources/Textures/btn_AlignLeft_Light.psd
  artifactKey: Guid(12736c98af174f91827a26b66d2b01b9) Importer(815301076,1909f56bfc062723c751e8b465ee728b)
Start importing Packages/com.unity.textmeshpro/Editor Resources/Textures/btn_AlignLeft_Light.psd using Guid(12736c98af174f91827a26b66d2b01b9) Importer(815301076,1909f56bfc062723c751e8b465ee728b)  -> (artifact id: 'dcf60b1334925257bea3cad348730fc4') in 0.020573 seconds
  Import took 0.022610 seconds .

========================================================================
Received Import Request.
  Time since last request: 0.000273 seconds.
  path: Packages/com.unity.collab-proxy/Editor/Assets/Icons/back-dark@2x.png
  artifactKey: Guid(9c6313a5316f8a34b852bf94ff96e3ab) Importer(815301076,1909f56bfc062723c751e8b465ee728b)
Start importing Packages/com.unity.collab-proxy/Editor/Assets/Icons/back-dark@2x.png using Guid(9c6313a5316f8a34b852bf94ff96e3ab) Importer(815301076,1909f56bfc062723c751e8b465ee728b)  -> (artifact id: '626b8d703df2186d7c867ee863820d3e') in 0.019202 seconds
  Import took 0.021207 seconds .

========================================================================
Received Import Request.
  Time since last request: 0.000367 seconds.
  path: Packages/com.unity.textmeshpro/Editor Resources/Textures/btn_AlignTop.psd
  artifactKey: Guid(48d034c499ee4697af9dd6e327110249) Importer(815301076,1909f56bfc062723c751e8b465ee728b)
Start importing Packages/com.unity.textmeshpro/Editor Resources/Textures/btn_AlignTop.psd using Guid(48d034c499ee4697af9dd6e327110249) Importer(815301076,1909f56bfc062723c751e8b465ee728b)  -> (artifact id: '590d62a99df4b6d90eb71fde58ab8f4d') in 0.020346 seconds
  Import took 0.022310 seconds .

========================================================================
Received Import Request.
  Time since last request: 0.000336 seconds.
  path: Packages/com.unity.collab-proxy/Editor/Assets/Icons/added-file-dark@2x.png
  artifactKey: Guid(c223e0c507e2c6549a2cb97441b62cbe) Importer(815301076,1909f56bfc062723c751e8b465ee728b)
Start importing Packages/com.unity.collab-proxy/Editor/Assets/Icons/added-file-dark@2x.png using Guid(c223e0c507e2c6549a2cb97441b62cbe) Importer(815301076,1909f56bfc062723c751e8b465ee728b)  -> (artifact id: 'f9424499d8ed03e8df785259fedae1b3') in 0.018616 seconds
  Import took 0.020756 seconds .

========================================================================
Received Import Request.
  Time since last request: 0.000274 seconds.
  path: Packages/com.unity.textmeshpro/Editor Resources/Textures/btn_AlignCapLine_Light.psd
  artifactKey: Guid(49679f302ac6408697f6b9314a38985c) Importer(815301076,1909f56bfc062723c751e8b465ee728b)
Start importing Packages/com.unity.textmeshpro/Editor Resources/Textures/btn_AlignCapLine_Light.psd using Guid(49679f302ac6408697f6b9314a38985c) Importer(815301076,1909f56bfc062723c751e8b465ee728b)  -> (artifact id: 'ba262f6c54a6ef3152a07427159dbd1b') in 0.019062 seconds
  Import took 0.021067 seconds .

========================================================================
Received Import Request.
  Time since last request: 0.000288 seconds.
  path: Packages/com.unity.textmeshpro/Editor Resources/Textures/btn_AlignMiddle.psd
  artifactKey: Guid(41b96614b2e6494ba995ddcd252d11ae) Importer(815301076,1909f56bfc062723c751e8b465ee728b)
Start importing Packages/com.unity.textmeshpro/Editor Resources/Textures/btn_AlignMiddle.psd using Guid(41b96614b2e6494ba995ddcd252d11ae) Importer(815301076,1909f56bfc062723c751e8b465ee728b)  -> (artifact id: '7f9d1e23908e8922585aa890f966e4c5') in 0.018312 seconds
  Import took 0.020297 seconds .

========================================================================
Received Import Request.
  Time since last request: 0.000296 seconds.
  path: Packages/com.unity.collab-proxy/Editor/Assets/Icons/added-file-light.png
  artifactKey: Guid(397fff6c3885f8343bb65714f0064b5d) Importer(815301076,1909f56bfc062723c751e8b465ee728b)
Start importing Packages/com.unity.collab-proxy/Editor/Assets/Icons/added-file-light.png using Guid(397fff6c3885f8343bb65714f0064b5d) Importer(815301076,1909f56bfc062723c751e8b465ee728b)  -> (artifact id: 'c673a4f73ecb39b34c0c364ab5d41a87') in 0.021419 seconds
  Import took 0.023594 seconds .

========================================================================
Received Import Request.
  Time since last request: 41.832122 seconds.
  path: Assets/Thrid Party/Asset_Bought/PolygonNature/Textures/Ground_Textures
  artifactKey: Guid(601b0fbbcccbff64597c976da3ef289c) Importer(815301076,1909f56bfc062723c751e8b465ee728b)
Start importing Assets/Thrid Party/Asset_Bought/PolygonNature/Textures/Ground_Textures using Guid(601b0fbbcccbff64597c976da3ef289c) Importer(815301076,1909f56bfc062723c751e8b465ee728b)  -> (artifact id: '01d83b94ab04a18e12e2c30c32a5e428') in 0.008875 seconds
  Import took 0.011571 seconds .

========================================================================
Received Import Request.
  Time since last request: 0.084539 seconds.
  path: Assets/Thrid Party/Asset_Bought/PolygonNature/Textures/Ground_Textures/Cliffwall.png
  artifactKey: Guid(9e97314480fcc844da9bfd134b42fab5) Importer(815301076,1909f56bfc062723c751e8b465ee728b)
Start importing Assets/Thrid Party/Asset_Bought/PolygonNature/Textures/Ground_Textures/Cliffwall.png using Guid(9e97314480fcc844da9bfd134b42fab5) Importer(815301076,1909f56bfc062723c751e8b465ee728b)  -> (artifact id: 'cdd1e0f97461bc944ab0dabfc5fdfba8') in 0.016277 seconds
  Import took 0.018251 seconds .

AssetImportWorkerClient::OnTransportError - code=2 error=End of file
